J
JJ
JJJ
JJW
JJS
JJH
JJU
JJK
JJE
JJM
JJT
JJQ
JJY
JW
JWJ
JWW
JWS
JWH
JWU
JWK
JWE
JWM
JWT
JWQ
JWY
JS
JSJ
JSW
JSS
JSH
JSU
JSK
JSE
JSM
JST
JSQ
JSY
JH
JHJ
JHW
JHS
JHH
JHU
JHK
JHE
JHM
JHT
JHQ
JHY
JU
JUJ
JUW
JUS
JUH
JUU
JUK
JUE
JUM
JUT
JUQ
JUY
JK
JKJ
JKW
JKS
JKH
JKU
JKK
JKE
JKM
JKT
JKQ
JKY
JE
JEJ
JEW
JES
JEH
JEU
JEK
JEE
JEM
JET
JEQ
JEY
JM
JMJ
JMW
JMS
JMH
JMU
JMK
JME
JMM
JMT
JMQ
JMY
JT
JTJ
JTW
JTS
JTH
JTU
JTK
JTE
JTM
JTT
JTQ
JTY
JQ
JQJ
JQW
JQS
JQH
JQU
JQK
JQE
JQM
JQT
JQQ
JQY
JY
JYJ
JYW
JYS
JYH
JYU
JYK
JYE
JYM
JYT
JYQ
JYY
W
WJ
WJJ
WJW
WJS
WJH
WJU
WJK
WJE
WJM
WJT
WJQ
WJY
WW
WWJ
WWW
WWS
WWH
WWU
WWK
WWE
WWM
WWT
WWQ
WWY
WS
WSJ
WSW
WSS
WSH
WSU
WSK
WSE
WSM
WST
WSQ
WSY
WH
WHJ
WHW
WHS
WHH
WHU
WHK
WHE
WHM
WHT
WHQ
WHY
WU
WUJ
WUW
WUS
WUH
WUU
WUK
WUE
WUM
WUT
WUQ
WUY
WK
WKJ
WKW
WKS
WKH
WKU
WKK
WKE
WKM
WKT
WKQ
WKY
WE
WEJ
WEW
WES
WEH
WEU
WEK
WEE
WEM
WET
WEQ
WEY
WM
WMJ
WMW
WMS
WMH
WMU
WMK
WME
WMM
WMT
WMQ
WMY
WT
WTJ
WTW
WTS
WTH
WTU
WTK
WTE
WTM
WTT
WTQ
WTY
WQ
WQJ
WQW
WQS
WQH
WQU
WQK
WQE
WQM
WQT
WQQ
WQY
WY
WYJ
WYW
WYS
WYH
WYU
WYK
WYE
WYM
WYT
WYQ
WYY
S
SJ
SJJ
SJW
SJS
SJH
SJU
SJK
SJE
SJM
SJT
SJQ
SJY
SW
SWJ
SWW
SWS
SWH
SWU
SWK
SWE
SWM
SWT
SWQ
SWY
SS
SSJ
SSW
SSS
SSH
SSU
SSK
SSE
SSM
SST
SSQ
SSY
SH
SHJ
SHW
SHS
SHH
SHU
SHK
SHE
SHM
SHT
SHQ
SHY
SU
SUJ
SUW
SUS
SUH
SUU
SUK
SUE
SUM
SUT
SUQ
SUY
SK
SKJ
SKW
SKS
SKH
SKU
SKK
SKE
SKM
SKT
SKQ
SKY
SE
SEJ
SEW
SES
SEH
SEU
SEK
SEE
SEM
SET
SEQ
SEY
SM
SMJ
SMW
SMS
SMH
SMU
SMK
SME
SMM
SMT
SMQ
SMY
ST
STJ
STW
STS
STH
STU
STK
STE
STM
STT
STQ
STY
SQ
SQJ
SQW
SQS
SQH
SQU
SQK
SQE
SQM
SQT
SQQ
SQY
SY
SYJ
SYW
SYS
SYH
SYU
SYK
SYE
SYM
SYT
SYQ
SYY
H
HJ
HJJ
HJW
HJS
HJH
HJU
HJK
HJE
HJM
HJT
HJQ
HJY
HW
HWJ
HWW
HWS
HWH
HWU
HWK
HWE
HWM
HWT
HWQ
HWY
HS
HSJ
HSW
HSS
HSH
HSU
HSK
HSE
HSM
HST
HSQ
HSY
HH
HHJ
HHW
HHS
HHH
HHU
HHK
HHE
HHM
HHT
HHQ
HHY
HU
HUJ
HUW
HUS
HUH
HUU
HUK
HUE
HUM
HUT
HUQ
HUY
HK
HKJ
HKW
HKS
HKH
HKU
HKK
HKE
HKM
HKT
HKQ
HKY
HE
HEJ
HEW
HES
HEH
HEU
HEK
HEE
HEM
HET
HEQ
HEY
HM
HMJ
HMW
HMS
HMH
HMU
HMK
HME
HMM
HMT
HMQ
HMY
HT
HTJ
HTW
HTS
HTH
HTU
HTK
HTE
HTM
HTT
HTQ
HTY
HQ
HQJ
HQW
HQS
HQH
HQU
HQK
HQE
HQM
HQT
HQQ
HQY
HY
HYJ
HYW
HYS
HYH
HYU
HYK
HYE
HYM
HYT
HYQ
HYY
U
UJ
UJJ
UJW
UJS
UJH
UJU
UJK
UJE
UJM
UJT
UJQ
UJY
UW
UWJ
UWW
UWS
UWH
UWU
UWK
UWE
UWM
UWT
UWQ
UWY
US
USJ
USW
USS
USH
USU
USK
USE
USM
UST
USQ
USY
UH
UHJ
UHW
UHS
UHH
UHU
UHK
UHE
UHM
UHT
UHQ
UHY
UU
UUJ
UUW
UUS
UUH
UUU
UUK
UUE
UUM
UUT
UUQ
UUY
UK
UKJ
UKW
UKS
UKH
UKU
UKK
UKE
UKM
UKT
UKQ
UKY
UE
UEJ
UEW
UES
UEH
UEU
UEK
UEE
UEM
UET
UEQ
UEY
UM
UMJ
UMW
UMS
UMH
UMU
UMK
UME
UMM
UMT
UMQ
UMY
UT
UTJ
UTW
UTS
UTH
UTU
UTK
UTE
UTM
UTT
UTQ
UTY
UQ
UQJ
UQW
UQS
UQH
UQU
UQK
UQE
UQM
UQT
UQQ
UQY
UY
UYJ
UYW
UYS
UYH
UYU
UYK
UYE
UYM
UYT
UYQ
UYY
K
KJ
KJJ
KJW
KJS
KJH
KJU
KJK
KJE
KJM
KJT
KJQ
KJY
KW
KWJ
KWW
KWS
KWH
KWU
KWK
KWE
KWM
KWT
KWQ
KWY
KS
KSJ
KSW
KSS
KSH
KSU
KSK
KSE
KSM
KST
KSQ
KSY
KH
KHJ
KHW
KHS
KHH
KHU
KHK
KHE
KHM
KHT
KHQ
KHY
KU
KUJ
KUW
KUS
KUH
KUU
KUK
KUE
KUM
KUT
KUQ
KUY
KK
KKJ
KKW
KKS
KKH
KKU
KKK
KKE
KKM
KKT
KKQ
KKY
KE
KEJ
KEW
KES
KEH
KEU
KEK
KEE
KEM
KET
KEQ
KEY
KM
KMJ
KMW
KMS
KMH
KMU
KMK
KME
KMM
KMT
KMQ
KMY
KT
KTJ
KTW
KTS
KTH
KTU
KTK
KTE
KTM
KTT
KTQ
KTY
KQ
KQJ
KQW
KQS
KQH
KQU
KQK
KQE
KQM
KQT
KQQ
KQY
KY
KYJ
KYW
KYS
KYH
KYU
KYK
KYE
KYM
KYT
KYQ
KYY
E
EJ
EJJ
EJW
EJS
EJH
EJU
EJK
EJE
EJM
EJT
EJQ
EJY
EW
EWJ
EWW
EWS
EWH
EWU
EWK
EWE
EWM
EWT
EWQ
EWY
ES
ESJ
ESW
ESS
ESH
ESU
ESK
ESE
ESM
EST
ESQ
ESY
EH
EHJ
EHW
EHS
EHH
EHU
EHK
EHE
EHM
EHT
EHQ
EHY
EU
EUJ
EUW
EUS
EUH
EUU
EUK
EUE
EUM
EUT
EUQ
EUY
EK
EKJ
EKW
EKS
EKH
EKU
EKK
EKE
EKM
EKT
EKQ
EKY
EE
EEJ
EEW
EES
EEH
EEU
EEK
EEE
EEM
EET
EEQ
EEY
EM
EMJ
EMW
EMS
EMH
EMU
EMK
EME
EMM
EMT
EMQ
EMY
ET
ETJ
ETW
ETS
ETH
ETU
ETK
ETE
ETM
ETT
ETQ
ETY
EQ
EQJ
EQW
EQS
EQH
EQU
EQK
EQE
EQM
EQT
EQQ
EQY
EY
EYJ
EYW
EYS
EYH
EYU
EYK
EYE
EYM
EYT
EYQ
EYY
M
MJ
MJJ
MJW
MJS
MJH
MJU
MJK
MJE
MJM
MJT
MJQ
MJY
MW
MWJ
MWW
MWS
MWH
MWU
MWK
MWE
MWM
MWT
MWQ
MWY
MS
MSJ
MSW
MSS
MSH
MSU
MSK
MSE
MSM
MST
MSQ
MSY
MH
MHJ
MHW
MHS
MHH
MHU
MHK
MHE
MHM
MHT
MHQ
MHY
MU
MUJ
MUW
MUS
MUH
MUU
MUK
MUE
MUM
MUT
MUQ
MUY
MK
MKJ
MKW
MKS
MKH
MKU
MKK
MKE
MKM
MKT
MKQ
MKY
ME
MEJ
MEW
MES
MEH
MEU
MEK
MEE
MEM
MET
MEQ
MEY
MM
MMJ
MMW
MMS
MMH
MMU
MMK
MME
MMM
MMT
MMQ
MMY
MT
MTJ
MTW
MTS
MTH
MTU
MTK
MTE
MTM
MTT
MTQ
MTY
MQ
MQJ
MQW
MQS
MQH
MQU
MQK
MQE
MQM
MQT
MQQ
MQY
MY
MYJ
MYW
MYS
MYH
MYU
MYK
MYE
MYM
MYT
MYQ
MYY
T
TJ
TJJ
TJW
TJS
TJH
TJU
TJK
TJE
TJM
TJT
TJQ
TJY
TW
TWJ
TWW
TWS
TWH
TWU
TWK
TWE
TWM
TWT
TWQ
TWY
TS
TSJ
TSW
TSS
TSH
TSU
TSK
TSE
TSM
TST
TSQ
TSY
TH
THJ
THW
THS
THH
THU
THK
THE
THM
THT
THQ
THY
TU
TUJ
TUW
TUS
TUH
TUU
TUK
TUE
TUM
TUT
TUQ
TUY
TK
TKJ
TKW
TKS
TKH
TKU
TKK
TKE
TKM
TKT
TKQ
TKY
TE
TEJ
TEW
TES
TEH
TEU
TEK
TEE
TEM
TET
TEQ
TEY
TM
TMJ
TMW
TMS
TMH
TMU
TMK
TME
TMM
TMT
TMQ
TMY
TT
TTJ
TTW
TTS
TTH
TTU
TTK
TTE
TTM
TTT
TTQ
TTY
TQ
TQJ
TQW
TQS
TQH
TQU
TQK
TQE
TQM
TQT
TQQ
TQY
TY
TYJ
TYW
TYS
TYH
TYU
TYK
TYE
TYM
TYT
TYQ
TYY
Q
QJ
QJJ
QJW
QJS
QJH
QJU
QJK
QJE
QJM
QJT
QJQ
QJY
QW
QWJ
QWW
QWS
QWH
QWU
QWK
QWE
QWM
QWT
QWQ
QWY
QS
QSJ
QSW
QSS
QSH
QSU
QSK
QSE
QSM
QST
QSQ
QSY
QH
QHJ
QHW
QHS
QHH
QHU
QHK
QHE
QHM
QHT
QHQ
QHY
QU
QUJ
QUW
QUS
QUH
QUU
QUK
QUE
QUM
QUT
QUQ
QUY
QK
QKJ
QKW
QKS
QKH
QKU
QKK
QKE
QKM
QKT
QKQ
QKY
QE
QEJ
QEW
QES
QEH
QEU
QEK
QEE
QEM
QET
QEQ
QEY
QM
QMJ
QMW
QMS
QMH
QMU
QMK
QME
QMM
QMT
QMQ
QMY
QT
QTJ
QTW
QTS
QTH
QTU
QTK
QTE
QTM
QTT
QTQ
QTY
QQ
QQJ
QQW
QQS
QQH
QQU
QQK
QQE
QQM
QQT
QQQ
QQY
QY
QYJ
QYW
QYS
QYH
QYU
QYK
QYE
QYM
QYT
QYQ
QYY
Y
YJ
YJJ
YJW
YJS
YJH
YJU
YJK
YJE
YJM
YJT
YJQ
YJY
YW
YWJ
YWW
YWS
YWH
YWU
YWK
YWE
YWM
YWT
YWQ
YWY
YS
YSJ
YSW
YSS
YSH
YSU
YSK
YSE
YSM
YST
YSQ
YSY
YH
YHJ
YHW
YHS
YHH
YHU
YHK
YHE
YHM
YHT
YHQ
YHY
YU
YUJ
YUW
YUS
YUH
YUU
YUK
YUE
YUM
YUT
YUQ
YUY
YK
YKJ
YKW
YKS
YKH
YKU
YKK
YKE
YKM
YKT
YKQ
YKY
YE
YEJ
YEW
YES
YEH
YEU
YEK
YEE
YEM
YET
YEQ
YEY
YM
YMJ
YMW
YMS
YMH
YMU
YMK
YME
YMM
YMT
YMQ
YMY
YT
YTJ
YTW
YTS
YTH
YTU
YTK
YTE
YTM
YTT
YTQ
YTY
YQ
YQJ
YQW
YQS
YQH
YQU
YQK
YQE
YQM
YQT
YQQ
YQY
YY
YYJ
YYW
YYS
YYH
YYU
YYK
YYE
YYM
YYT
YYQ
YYY
