1 2 T
2 3 G
3 4 T
4 5 G
5 6 G
6 7 T
7 8 G
8 9 A
9 10 T
10 11 G
11 12 G
12 13 C
13 14 T
14 15 T
15 16 G
16 17 A
17 18 G
18 19 T
19 20 A
20 21 A
21 22 T
22 23 T
23 24 T
24 25 A
25 26 G
26 27 T
27 28 C
28 29 G
29 30 A
30 31 A
31 32 G
32 33 G
33 34 C
34 35 A
35 36 C
36 37 C
37 38 A
38 39 T
39 40 A
40 41 A
41 42 C
42 43 C
43 44 C
44 45 T
45 46 A
46 47 T
47 48 A
48 49 G
49 50 T
50 51 A
51 52 T
52 53 C
53 54 A
54 55 A
55 56 C
56 57 G
57 58 C
58 59 C
59 60 C
60 61 C
61 62 G
62 63 A
63 64 C
64 65 T
65 66 A
66 67 T
67 68 T
68 69 C
69 70 A
70 71 T
71 72 C
72 73 G
73 74 T
74 75 A
75 76 C
76 77 A
77 78 G
78 79 A
79 80 C
80 81 G
81 82 G
82 83 T
83 84 T
4 181 T
181 182 C
182 183 T
183 184 G
184 185 C
185 186 G
186 187 T
187 188 C
188 189 G
189 190 G
190 191 A
191 192 G
192 193 G
193 194 G
194 195 G
195 196 G
196 197 G
197 198 T
198 199 G
199 200 C
200 201 A
201 202 A
202 203 T
203 204 C
204 205 A
205 206 C
206 207 T
207 208 G
208 209 G
209 210 T
210 211 C
211 212 G
212 213 G
213 214 T
214 215 T
215 216 G
216 217 C
217 218 T
218 219 C
219 220 C
220 221 G
221 222 C
222 223 T
223 224 C
224 225 A
225 226 G
226 227 C
227 228 C
228 229 T
229 230 T
230 231 A
231 232 C
232 233 C
233 234 A
234 235 G
235 236 G
236 237 G
237 238 C
238 239 T
239 240 A
240 241 G
241 242 T
242 243 C
243 244 T
244 245 A
245 246 A
246 247 G
247 248 T
248 249 C
249 250 T
250 251 A
251 252 G
252 253 G
253 254 G
254 255 T
255 256 T
256 257 A
257 258 G
258 259 T
259 260 A
260 261 A
261 262 C
262 263 T
263 264 C
264 265 G
265 266 T
266 267 T
267 268 C
268 269 C
269 270 A
270 271 C
271 272 G
272 273 C
273 274 G
4 1643 A
1643 1644 G
1644 1645 A
1645 1646 G
1646 1647 C
1647 1648 A
1648 1649 A
1649 1650 T
1650 1651 A
1651 1652 C
1652 1653 C
1653 1654 T
1654 1655 C
1655 1656 C
1656 1657 T
1657 1658 A
1658 1659 G
1659 1660 G
1660 1661 G
1661 1662 A
1662 1663 C
1663 1664 A
1664 1665 G
1665 1666 C
1666 1667 C
1667 1668 C
1668 1669 G
1669 1670 A
1670 1671 G
1671 1672 G
1672 1673 G
1673 1674 G
1674 1675 A
1675 1676 C
1676 1677 T
1677 1678 G
1678 1679 A
1679 1680 C
1680 1681 C
1681 1682 C
1682 1683 A
1683 1684 G
1684 1685 T
1685 1686 G
1686 1687 T
1687 1688 A
1688 1689 C
1689 1690 A
1690 1691 C
1691 1692 A
1692 1693 T
1693 1694 G
1694 1695 A
1695 1696 A
1696 1697 A
1697 1698 A
1698 1699 T
1699 1700 T
1700 1701 T
1701 1702 T
1702 1703 C
1703 1704 T
1704 1705 G
1705 1706 A
1706 1707 C
1707 1708 A
1708 1709 C
1709 1710 A
1710 1711 A
1711 1712 G
1712 1713 T
1713 1714 A
1714 1715 G
1715 1716 A
1716 1717 T
1717 1718 G
1718 1719 C
3 2174 G
2174 2175 A
2175 2176 C
2176 2177 C
2177 2178 T
2178 2179 G
2179 2180 T
2180 2181 C
2181 2182 T
2182 2183 T
2183 2184 T
2184 2185 C
2185 2186 T
2186 2187 G
2187 2188 T
2188 2189 C
2189 2190 T
2190 2191 T
2191 2192 T
2192 2193 A
2193 2194 A
2194 2195 C
2195 2196 C
2196 2197 T
2197 2198 A
2198 2199 C
2199 2200 T
2200 2201 G
2201 2202 A
2202 2203 A
2203 2204 A
2204 2205 C
2205 2206 T
2206 2207 C
2207 2208 G
2208 2209 G
2209 2210 C
2210 2211 G
2211 2212 C
2212 2213 C
2213 2214 A
2214 2215 T
2215 2216 C
2216 2217 G
2217 2218 A
2218 2219 T
2219 2220 T
2220 2221 A
2221 2222 C
2222 2223 G
2223 2224 T
2224 2225 C
2225 2226 G
2226 2227 A
2227 2228 T
2228 2229 C
2229 2230 T
2230 2231 G
2231 2232 G
2232 2233 T
2233 2234 C
2234 2235 A
2235 2236 G
2236 2237 G
2237 2238 G
2238 2239 A
2239 2240 G
2240 2241 A
2241 2242 G
2242 2243 G
2243 2244 G
2244 2245 T
2245 2246 C
2246 2247 C
2247 2248 A
2248 2249 C
2249 2250 A
2250 2251 C
2251 2252 G
2252 2253 T
2253 2254 T
2254 2255 A
2255 2256 T
2256 2257 C
2257 2258 C
2258 2259 G
2259 2260 C
2260 2261 C
2261 2262 T
2262 2263 A
2263 2264 A
3 3082 A
3082 3083 T
3083 3084 T
3084 3085 C
3085 3086 A
3086 3087 T
3087 3088 C
3088 3089 A
3089 3090 C
3090 3091 G
3091 3092 T
3092 3093 C
3093 3094 T
3094 3095 T
3095 3096 G
3096 3097 G
3097 3098 C
3098 3099 A
3099 3100 G
3100 3101 T
3101 3102 A
3102 3103 G
3103 3104 A
3104 3105 G
3105 3106 A
3106 3107 T
3107 3108 G
3108 3109 C
3109 3110 T
3110 3111 T
3111 3112 G
3112 3113 G
3113 3114 A
3114 3115 G
3115 3116 A
3116 3117 C
3117 3118 T
3118 3119 T
3119 3120 A
3120 3121 G
3121 3122 A
3122 3123 C
3123 3124 A
3124 3125 G
3125 3126 A
3126 3127 C
3127 3128 A
3128 3129 T
3129 3130 C
3130 3131 T
3131 3132 C
3132 3133 C
3133 3134 C
3134 3135 C
3135 3136 G
3136 3137 T
3137 3138 A
3138 3139 G
3139 3140 T
3140 3141 C
3141 3142 A
3142 3143 G
3143 3144 T
3144 3145 C
3145 3146 T
3146 3147 G
3147 3148 A
3148 3149 T
3149 3150 A
3150 3151 T
3151 3152 T
3152 3153 C
3153 3154 C
3154 3155 G
3155 3156 T
3156 3157 T
3157 3158 C
3158 3159 T
3159 3160 G
3160 3161 T
3161 3162 G
3162 3163 G
3163 3164 G
3164 3165 A
3165 3166 C
3166 3167 G
3167 3168 C
3082 4681 A
4681 4682 G
4682 4683 T
4683 4684 G
4684 4685 C
4685 4686 C
4686 4687 T
4687 4688 T
4688 4689 G
4689 4690 A
4690 4691 T
4691 4692 A
4692 4693 G
4693 4694 A
4694 4695 T
4695 4696 A
4696 4697 C
4697 4698 A
4698 4699 T
4699 4700 C
4700 4701 T
4701 4702 C
4702 4703 C
4703 4704 T
4704 4705 T
4705 4706 C
4706 4707 G
4707 4708 G
4708 4709 A
4709 4710 C
4710 4711 C
4711 4712 T
4712 4713 G
4713 4714 C
4714 4715 T
4715 4716 G
4716 4717 T
4717 4718 C
4718 4719 C
4719 4720 C
4720 4721 T
4721 4722 T
4722 4723 T
4723 4724 C
4724 4725 T
4725 4726 A
4726 4727 G
4727 4728 A
4728 4729 A
4729 4730 C
4730 4731 T
4731 4732 G
4732 4733 A
4733 4734 T
4734 4735 T
4735 4736 A
4736 4737 G
4737 4738 T
4738 4739 A
4739 4740 C
4740 4741 A
4741 4742 C
4742 4743 A
4743 4744 A
4744 4745 C
4745 4746 C
4746 4747 G
4747 4748 C
4748 4749 T
4749 4750 G
4750 4751 C
4751 4752 C
4752 4753 T
4753 4754 C
4754 4755 G
4755 4756 T
4756 4757 A
4757 4758 G
4758 4759 A
4759 4760 C
4760 4761 C
4761 4762 A
4762 4763 G
4763 4764 T
4764 4765 A
4765 4766 G
4766 4767 A
4767 4768 G
2 2076 C
2076 2077 T
2077 2078 A
2078 2079 A
2079 2080 C
2080 2081 T
2081 2082 G
2082 2083 G
2083 2084 C
2084 2085 G
2085 2086 A
2086 2087 A
2087 2088 T
2088 2089 A
2089 2090 T
2090 2091 T
2091 2092 A
2092 2093 G
2093 2094 C
2094 2095 A
2095 2096 T
2096 2097 C
2097 2098 A
2098 2099 G
2099 2100 C
2100 2101 A
2101 2102 G
2102 2103 T
2103 2104 A
2104 2105 A
2105 2106 G
2106 2107 A
2107 2108 C
2108 2109 C
2109 2110 C
2110 2111 C
2111 2112 A
2112 2113 A
2113 2114 A
2114 2115 T
2115 2116 C
2116 2117 C
2117 2118 C
2118 2119 T
2119 2120 C
2120 2121 A
2121 2122 G
2122 2123 G
2123 2124 A
2124 2125 T
2125 2126 C
2126 2127 G
2127 2128 C
2128 2129 A
2129 2130 G
2130 2131 A
2131 2132 A
2132 2133 A
2133 2134 A
2134 2135 C
2135 2136 C
2136 2137 T
2137 2138 C
2138 2139 G
2139 2140 T
2140 2141 A
2141 2142 A
2142 2143 A
2143 2144 G
2144 2145 G
2145 2146 G
2146 2147 A
2147 2148 G
2148 2149 T
2149 2150 C
2150 2151 C
2151 2152 A
2152 2153 C
2153 2154 T
2154 2155 T
2155 2156 G
2156 2157 C
2157 2158 G
2158 2159 C
2159 2160 C
2160 2161 A
2161 2162 C
2162 2163 T
2163 2164 A
2164 2165 T
2165 2166 A
2166 2167 G
2167 2168 C
2168 2169 C
2169 2170 G
2170 2171 G
2171 2172 A
2172 2173 C
2077 4505 T
4505 4506 G
4506 4507 A
4507 4508 C
4508 4509 A
4509 4510 A
4510 4511 G
4511 4512 C
4512 4513 T
4513 4514 A
4514 4515 C
4515 4516 C
4516 4517 G
4517 4518 C
4518 4519 T
4519 4520 C
4520 4521 C
4521 4522 T
4522 4523 G
4523 4524 A
4524 4525 A
4525 4526 T
4526 4527 T
4527 4528 A
4528 4529 C
4529 4530 G
4530 4531 G
4531 4532 C
4532 4533 T
4533 4534 C
4534 4535 A
4535 4536 T
4536 4537 C
4537 4538 C
4538 4539 C
4539 4540 C
4540 4541 G
4541 4542 A
4542 4543 T
4543 4544 T
4544 4545 T
4545 4546 A
4546 4547 T
4547 4548 T
4548 4549 A
4549 4550 C
4550 4551 A
4551 4552 A
4552 4553 C
4553 4554 T
4554 4555 G
4555 4556 A
4556 4557 A
4557 4558 T
4558 4559 C
4559 4560 G
4560 4561 A
4561 4562 A
4562 4563 T
4563 4564 A
4564 4565 A
4565 4566 T
4566 4567 C
4567 4568 C
4568 4569 C
4569 4570 C
4570 4571 T
4571 4572 C
4572 4573 A
4573 4574 T
4574 4575 A
4575 4576 G
4576 4577 A
4577 4578 T
4578 4579 A
4579 4580 A
4580 4581 A
4581 4582 C
4582 4583 C
4583 4584 G
4584 4585 T
4585 4586 A
4586 4587 G
4587 4588 A
4588 4589 C
4589 4590 A
4590 4591 A
4591 4592 A
4592 4593 T
4593 4594 T
4594 4595 G
4595 4596 G
4596 4597 C
4597 4598 C
4598 4599 C
4599 4600 G
4600 4601 T
2076 4327 A
4327 4328 T
4328 4329 T
4329 4330 C
4330 4331 T
4331 4332 C
4332 4333 G
4333 4334 T
4334 4335 C
4335 4336 A
4336 4337 C
4337 4338 G
4338 4339 A
4339 4340 A
4340 4341 A
4341 4342 G
4342 4343 C
4343 4344 G
4344 4345 T
4345 4346 T
4346 4347 C
4347 4348 A
4348 4349 G
4349 4350 C
4350 4351 T
4351 4352 G
4352 4353 T
4353 4354 A
4354 4355 C
4355 4356 A
4356 4357 T
4357 4358 T
4358 4359 T
4359 4360 C
4360 4361 T
4361 4362 T
4362 4363 G
4363 4364 T
4364 4365 A
4365 4366 T
4366 4367 T
4367 4368 A
4368 4369 G
4369 4370 G
4370 4371 A
4371 4372 G
4372 4373 T
4373 4374 C
4374 4375 C
4375 4376 T
4376 4377 C
4377 4378 A
4378 4379 A
4379 4380 T
4380 4381 C
4381 4382 A
4382 4383 T
4383 4384 G
4384 4385 T
4385 4386 A
4386 4387 G
4387 4388 G
4388 4389 G
4389 4390 G
4390 4391 T
4391 4392 A
4392 4393 C
4393 4394 G
4394 4395 C
4395 4396 A
4396 4397 G
4397 4398 C
4398 4399 A
4399 4400 G
4400 4401 T
4401 4402 T
4402 4403 T
4403 4404 T
4404 4405 A
4405 4406 T
4406 4407 T
4407 4408 G
4408 4409 A
4409 4410 T
4410 4411 G
4411 4412 C
4412 4413 A
4413 4414 A
4414 4415 C
4415 4416 C
4416 4417 T
4417 4418 G
4418 4419 A
4419 4420 C
4420 4421 C
2 3696 A
3696 3697 T
3697 3698 T
3698 3699 A
3699 3700 C
3700 3701 T
3701 3702 A
3702 3703 G
3703 3704 G
3704 3705 C
3705 3706 G
3706 3707 T
3707 3708 T
3708 3709 T
3709 3710 C
3710 3711 C
3711 3712 A
3712 3713 G
3713 3714 C
3714 3715 T
3715 3716 G
3716 3717 G
3717 3718 A
3718 3719 T
3719 3720 C
3720 3721 C
3721 3722 T
3722 3723 A
3723 3724 C
3724 3725 T
3725 3726 C
3726 3727 A
3727 3728 A
3728 3729 G
3729 3730 C
3730 3731 C
3731 3732 C
3732 3733 T
3733 3734 T
3734 3735 A
3735 3736 T
3736 3737 G
3737 3738 C
3738 3739 C
3739 3740 T
3740 3741 T
3741 3742 T
3742 3743 G
3743 3744 T
3744 3745 T
3745 3746 G
3746 3747 C
3747 3748 A
3748 3749 T
3749 3750 C
3750 3751 T
3751 3752 T
3752 3753 A
3753 3754 T
3754 3755 C
3755 3756 C
3756 3757 G
3757 3758 G
3758 3759 G
3759 3760 T
3760 3761 G
3761 3762 G
3762 3763 G
3763 3764 T
3764 3765 A
3765 3766 T
3766 3767 A
3767 3768 C
3768 3769 C
3769 3770 G
3770 3771 C
3771 3772 C
3772 3773 A
3773 3774 G
3774 3775 G
3775 3776 G
3776 3777 A
3777 3778 A
3778 3779 A
3779 3780 G
3780 3781 A
3781 3782 G
3782 3783 C
3783 3784 C
3784 3785 G
3785 3786 T
3786 3787 T
2 3883 T
3883 3884 A
3884 3885 A
3885 3886 T
3886 3887 G
3887 3888 T
3888 3889 T
3889 3890 G
3890 3891 G
3891 3892 G
3892 3893 C
3893 3894 T
3894 3895 G
3895 3896 G
3896 3897 A
3897 3898 G
3898 3899 T
3899 3900 A
3900 3901 A
3901 3902 T
3902 3903 A
3903 3904 G
3904 3905 T
3905 3906 T
3906 3907 A
3907 3908 T
3908 3909 A
3909 3910 T
3910 3911 A
3911 3912 T
3912 3913 G
3913 3914 C
3914 3915 T
3915 3916 A
3916 3917 G
3917 3918 C
3918 3919 G
3919 3920 A
3920 3921 T
3921 3922 A
3922 3923 T
3923 3924 G
3924 3925 G
3925 3926 C
3926 3927 A
3927 3928 A
3928 3929 G
3929 3930 T
3930 3931 C
3931 3932 G
3932 3933 T
3933 3934 G
3934 3935 G
3935 3936 G
3936 3937 A
3937 3938 G
3938 3939 C
3939 3940 G
3940 3941 T
3941 3942 A
3942 3943 C
3943 3944 T
3944 3945 A
3945 3946 T
3946 3947 C
3947 3948 A
3948 3949 A
3949 3950 C
3950 3951 T
3951 3952 T
3952 3953 A
3953 3954 G
3954 3955 C
3955 3956 A
3956 3957 C
3957 3958 G
3958 3959 T
3959 3960 A
3960 3961 T
3961 3962 C
3962 3963 C
3963 3964 G
3964 3965 A
3965 3966 T
3966 3967 C
3967 3968 C
3968 3969 G
3969 3970 G
3970 3971 C
3883 5462 G
5462 5463 G
5463 5464 C
5464 5465 A
5465 5466 G
5466 5467 C
5467 5468 G
5468 5469 C
5469 5470 T
5470 5471 G
5471 5472 G
5472 5473 T
5473 5474 G
5474 5475 T
5475 5476 C
5476 5477 T
5477 5478 G
5478 5479 T
5479 5480 A
5480 5481 T
5481 5482 G
5482 5483 G
5483 5484 T
5484 5485 C
5485 5486 C
5486 5487 T
5487 5488 G
5488 5489 C
5489 5490 G
5490 5491 A
5491 5492 G
5492 5493 A
5493 5494 T
5494 5495 C
5495 5496 G
5496 5497 T
5497 5498 C
5498 5499 A
5499 5500 C
5500 5501 C
5501 5502 G
5502 5503 A
5503 5504 G
5504 5505 G
5505 5506 T
5506 5507 C
5507 5508 T
5508 5509 T
5509 5510 G
5510 5511 C
5511 5512 C
5512 5513 T
5513 5514 C
5514 5515 A
5515 5516 C
5516 5517 C
5517 5518 T
5518 5519 T
5519 5520 A
5520 5521 T
5521 5522 A
5522 5523 A
5523 5524 C
5524 5525 T
5525 5526 T
5526 5527 C
5527 5528 C
5528 5529 T
5529 5530 C
5530 5531 A
5531 5532 T
5532 5533 T
5533 5534 T
5534 5535 A
5535 5536 C
5536 5537 A
5537 5538 C
5538 5539 T
5539 5540 A
5540 5541 C
5541 5542 T
5542 5543 T
5543 5544 C
5544 5545 T
3883 5635 T
5635 5636 C
5636 5637 C
5637 5638 C
5638 5639 G
5639 5640 G
5640 5641 C
5641 5642 T
5642 5643 A
5643 5644 A
5644 5645 A
5645 5646 G
5646 5647 C
5647 5648 G
5648 5649 C
5649 5650 C
5650 5651 G
5651 5652 C
5652 5653 A
5653 5654 A
5654 5655 C
5655 5656 C
5656 5657 C
5657 5658 G
5658 5659 T
5659 5660 C
5660 5661 A
5661 5662 C
5662 5663 C
5663 5664 G
5664 5665 A
5665 5666 A
5666 5667 C
5667 5668 C
5668 5669 C
5669 5670 A
5670 5671 T
5671 5672 T
5672 5673 G
5673 5674 T
5674 5675 A
5675 5676 G
5676 5677 G
5677 5678 C
5678 5679 G
5679 5680 A
5680 5681 A
5681 5682 G
5682 5683 G
5683 5684 C
5684 5685 T
5685 5686 T
5686 5687 A
5687 5688 C
5688 5689 G
5689 5690 A
5690 5691 T
5691 5692 C
5692 5693 A
5693 5694 C
5694 5695 C
5695 5696 G
5696 5697 A
5697 5698 C
5698 5699 G
5699 5700 T
5700 5701 A
5701 5702 G
5702 5703 C
5703 5704 G
5704 5705 C
5705 5706 A
5706 5707 A
5707 5708 T
5708 5709 A
5709 5710 T
5710 5711 A
5711 5712 T
5712 5713 T
5635 6920 A
6920 6921 C
6921 6922 C
6922 6923 T
6923 6924 T
6924 6925 C
6925 6926 A
6926 6927 A
6927 6928 G
6928 6929 A
6929 6930 C
6930 6931 G
6931 6932 G
6932 6933 G
6933 6934 G
6934 6935 T
6935 6936 A
6936 6937 G
6937 6938 G
6938 6939 C
6939 6940 T
6940 6941 C
6941 6942 C
6942 6943 T
6943 6944 C
6944 6945 T
6945 6946 C
6946 6947 A
6947 6948 T
6948 6949 C
6949 6950 C
6950 6951 G
6951 6952 C
6952 6953 T
6953 6954 G
6954 6955 C
6955 6956 A
6956 6957 T
6957 6958 G
6958 6959 A
6959 6960 A
6960 6961 C
6961 6962 G
6962 6963 T
6963 6964 G
6964 6965 T
6965 6966 A
6966 6967 A
6967 6968 G
6968 6969 G
6969 6970 T
6970 6971 T
6971 6972 C
6972 6973 C
6973 6974 C
6974 6975 T
6975 6976 G
6976 6977 A
6977 6978 T
6978 6979 T
6979 6980 C
6980 6981 T
6981 6982 C
6982 6983 G
6983 6984 T
6984 6985 C
6985 6986 G
6986 6987 T
6987 6988 A
6988 6989 T
6989 6990 G
6990 6991 A
6991 6992 T
6992 6993 C
6993 6994 T
6994 6995 A
6995 6996 A
6996 6997 C
6997 6998 C
6998 6999 G
6999 7000 T
3883 5714 C
5714 5715 C
5715 5716 T
5716 5717 A
5717 5718 C
5718 5719 G
5719 5720 A
5720 5721 G
5721 5722 A
5722 5723 C
5723 5724 T
5724 5725 A
5725 5726 G
5726 5727 A
5727 5728 G
5728 5729 G
5729 5730 T
5730 5731 A
5731 5732 T
5732 5733 C
5733 5734 G
5734 5735 G
5735 5736 A
5736 5737 C
5737 5738 G
5738 5739 G
5739 5740 A
5740 5741 C
5741 5742 C
5742 5743 A
5743 5744 T
5744 5745 C
5745 5746 A
5746 5747 T
5747 5748 A
5748 5749 C
5749 5750 C
5750 5751 T
5751 5752 A
5752 5753 G
5753 5754 G
5754 5755 T
5755 5756 G
5756 5757 T
5757 5758 A
5758 5759 T
5759 5760 G
5760 5761 C
5761 5762 C
5762 5763 A
5763 5764 C
5764 5765 A
5765 5766 T
5766 5767 G
5767 5768 A
5768 5769 G
5769 5770 C
5770 5771 C
5771 5772 C
5772 5773 G
5773 5774 G
5774 5775 T
5775 5776 A
5776 5777 A
5777 5778 G
5778 5779 G
5779 5780 C
5780 5781 T
5781 5782 G
5782 5783 A
5783 5784 T
5784 5785 G
5785 5786 C
5786 5787 C
5787 5788 C
5788 5789 C
5789 5790 G
5790 5791 T
5791 5792 A
5792 5793 G
5793 5794 C
5794 5795 T
5795 5796 T
5796 5797 T
5797 5798 C
5798 5799 A
5799 5800 C
5800 5801 A
5801 5802 A
1 85 A
85 86 T
86 87 C
87 88 G
88 89 G
89 90 A
90 91 T
91 92 T
92 93 A
93 94 A
94 95 G
95 96 T
96 97 G
97 98 C
98 99 T
99 100 G
100 101 C
101 102 A
102 103 G
103 104 T
104 105 G
105 106 G
106 107 A
107 108 G
108 109 A
109 110 A
110 111 C
111 112 A
112 113 G
113 114 G
114 115 C
115 116 A
116 117 C
117 118 A
118 119 G
119 120 A
120 121 C
121 122 A
122 123 C
123 124 C
124 125 A
125 126 T
126 127 C
127 128 G
128 129 A
129 130 T
130 131 A
131 132 G
132 133 T
133 134 A
134 135 C
135 136 G
136 137 C
137 138 A
138 139 A
139 140 A
140 141 T
141 142 C
142 143 G
143 144 G
144 145 T
145 146 G
146 147 G
147 148 T
148 149 C
149 150 G
150 151 C
151 152 A
152 153 G
153 154 T
154 155 T
155 156 G
156 157 T
157 158 G
158 159 G
159 160 A
160 161 A
161 162 T
162 163 C
163 164 G
164 165 G
165 166 A
166 167 A
167 168 A
168 169 A
169 170 G
170 171 G
171 172 C
172 173 A
173 174 T
174 175 A
175 176 T
176 177 A
177 178 T
178 179 G
179 180 C
86 560 T
560 561 A
561 562 A
562 563 A
563 564 A
564 565 T
565 566 G
566 567 G
567 568 T
568 569 T
569 570 G
570 571 G
571 572 T
572 573 G
573 574 T
574 575 C
575 576 A
576 577 A
577 578 G
578 579 T
579 580 C
580 581 C
581 582 A
582 583 A
583 584 C
584 585 T
585 586 G
586 587 A
587 588 A
588 589 G
589 590 T
590 591 G
591 592 C
592 593 G
593 594 G
594 595 T
595 596 G
596 597 G
597 598 A
598 599 T
599 600 A
600 601 A
601 602 T
602 603 G
603 604 A
604 605 T
605 606 T
606 607 C
607 608 T
608 609 C
609 610 A
610 611 T
611 612 C
612 613 C
613 614 G
614 615 G
615 616 G
616 617 G
617 618 C
618 619 A
619 620 G
620 621 G
621 622 G
622 623 C
623 624 T
624 625 T
625 626 C
626 627 T
627 628 T
628 629 T
629 630 C
630 631 G
631 632 G
632 633 T
633 634 G
634 635 A
635 636 C
636 637 G
637 638 A
638 639 G
639 640 T
640 641 G
641 642 G
642 643 T
643 644 C
644 645 G
645 646 T
646 647 T
647 648 A
648 649 C
649 650 C
650 651 T
651 652 A
652 653 T
563 3518 C
3518 3519 T
3519 3520 C
3520 3521 C
3521 3522 A
3522 3523 C
3523 3524 C
3524 3525 T
3525 3526 C
3526 3527 G
3527 3528 A
3528 3529 G
3529 3530 G
3530 3531 G
3531 3532 T
3532 3533 T
3533 3534 C
3534 3535 A
3535 3536 A
3536 3537 T
3537 3538 A
3538 3539 T
3539 3540 C
3540 3541 T
3541 3542 A
3542 3543 T
3543 3544 G
3544 3545 G
3545 3546 C
3546 3547 C
3547 3548 T
3548 3549 C
3549 3550 C
3550 3551 A
3551 3552 T
3552 3553 C
3553 3554 T
3554 3555 A
3555 3556 T
3556 3557 T
3557 3558 G
3558 3559 A
3559 3560 A
3560 3561 G
3561 3562 A
3562 3563 A
3563 3564 C
3564 3565 C
3565 3566 A
3566 3567 C
3567 3568 T
3568 3569 T
3569 3570 G
3570 3571 T
3571 3572 T
3572 3573 A
3573 3574 C
3574 3575 G
3575 3576 A
3576 3577 A
3577 3578 C
3578 3579 G
3579 3580 C
3580 3581 T
3581 3582 G
3582 3583 C
3583 3584 C
3584 3585 A
3585 3586 A
3586 3587 C
3587 3588 A
3588 3589 T
3589 3590 A
3590 3591 C
3591 3592 T
3592 3593 C
3593 3594 T
3594 3595 C
3595 3596 A
3596 3597 C
3597 3598 G
3598 3599 T
3599 3600 G
561 6832 T
6832 6833 C
6833 6834 G
6834 6835 G
6835 6836 C
6836 6837 G
6837 6838 T
6838 6839 T
6839 6840 T
6840 6841 G
6841 6842 G
6842 6843 G
6843 6844 G
6844 6845 G
6845 6846 T
6846 6847 C
6847 6848 A
6848 6849 C
6849 6850 C
6850 6851 G
6851 6852 G
6852 6853 C
6853 6854 C
6854 6855 T
6855 6856 A
6856 6857 T
6857 6858 T
6858 6859 G
6859 6860 T
6860 6861 T
6861 6862 A
6862 6863 T
6863 6864 G
6864 6865 T
6865 6866 G
6866 6867 G
6867 6868 A
6868 6869 G
6869 6870 C
6870 6871 A
6871 6872 T
6872 6873 C
6873 6874 A
6874 6875 G
6875 6876 G
6876 6877 T
6877 6878 A
6878 6879 T
6879 6880 T
6880 6881 C
6881 6882 A
6882 6883 A
6883 6884 C
6884 6885 A
6885 6886 G
6886 6887 G
6887 6888 T
6888 6889 A
6889 6890 A
6890 6891 T
6891 6892 A
6892 6893 G
6893 6894 A
6894 6895 T
6895 6896 A
6896 6897 T
6897 6898 A
6898 6899 T
6899 6900 G
6900 6901 T
6901 6902 T
6902 6903 C
6903 6904 G
6904 6905 A
6905 6906 C
6906 6907 A
6907 6908 T
6908 6909 C
6909 6910 G
6910 6911 A
6911 6912 G
6912 6913 C
6913 6914 T
6914 6915 G
6915 6916 C
6916 6917 G
6917 6918 A
6918 6919 G
560 910 G
910 911 T
911 912 G
912 913 C
913 914 A
914 915 G
915 916 T
916 917 G
917 918 A
918 919 G
919 920 G
920 921 T
921 922 G
922 923 C
923 924 T
924 925 G
925 926 A
926 927 C
927 928 A
928 929 G
929 930 T
930 931 A
931 932 A
932 933 C
933 934 A
934 935 A
935 936 T
936 937 A
937 938 G
938 939 C
939 940 C
940 941 T
941 942 T
942 943 A
943 944 A
944 945 T
945 946 G
946 947 A
947 948 C
948 949 C
949 950 A
950 951 T
951 952 A
952 953 T
953 954 A
954 955 C
955 956 G
956 957 C
957 958 A
958 959 T
959 960 G
960 961 C
961 962 A
962 963 A
963 964 T
964 965 A
965 966 T
966 967 T
967 968 T
968 969 T
969 970 T
970 971 A
971 972 A
972 973 G
973 974 C
974 975 A
975 976 C
976 977 A
977 978 C
978 979 T
979 980 C
980 981 G
981 982 A
982 983 A
983 984 C
984 985 G
985 986 C
986 987 G
987 988 A
988 989 G
989 990 T
990 991 C
991 992 T
992 993 G
993 994 G
994 995 T
995 996 C
996 997 A
997 998 T
998 999 A
999 1000 G
1000 1001 C
1001 1002 T
86 3260 G
3260 3261 G
3261 3262 G
3262 3263 G
3263 3264 C
3264 3265 C
3265 3266 C
3266 3267 T
3267 3268 A
3268 3269 T
3269 3270 A
3270 3271 T
3271 3272 T
3272 3273 C
3273 3274 C
3274 3275 G
3275 3276 C
3276 3277 C
3277 3278 G
3278 3279 C
3279 3280 T
3280 3281 G
3281 3282 T
3282 3283 G
3283 3284 T
3284 3285 G
3285 3286 G
3286 3287 A
3287 3288 C
3288 3289 A
3289 3290 C
3290 3291 G
3291 3292 G
3292 3293 G
3293 3294 C
3294 3295 G
3295 3296 A
3296 3297 G
3297 3298 A
3298 3299 A
3299 3300 G
3300 3301 C
3301 3302 G
3302 3303 C
3303 3304 T
3304 3305 A
3305 3306 C
3306 3307 T
3307 3308 A
3308 3309 C
3309 3310 T
3310 3311 C
3311 3312 G
3312 3313 G
3313 3314 T
3314 3315 G
3315 3316 C
3316 3317 C
3317 3318 G
3318 3319 A
3319 3320 A
3320 3321 C
3321 3322 T
3322 3323 G
3323 3324 T
3324 3325 T
3325 3326 T
3326 3327 T
3327 3328 C
3328 3329 G
3329 3330 C
3330 3331 C
3331 3332 A
3332 3333 C
3333 3334 T
3334 3335 C
3335 3336 A
3336 3337 G
3337 3338 G
3338 3339 T
3339 3340 C
3340 3341 A
3341 3342 A
3342 3343 G
3343 3344 T
86 5546 A
5546 5547 A
5547 5548 G
5548 5549 G
5549 5550 A
5550 5551 T
5551 5552 G
5552 5553 C
5553 5554 A
5554 5555 T
5555 5556 C
5556 5557 T
5557 5558 C
5558 5559 T
5559 5560 C
5560 5561 A
5561 5562 T
5562 5563 A
5563 5564 G
5564 5565 T
5565 5566 G
5566 5567 C
5567 5568 T
5568 5569 A
5569 5570 T
5570 5571 C
5571 5572 T
5572 5573 T
5573 5574 G
5574 5575 G
5575 5576 A
5576 5577 A
5577 5578 G
5578 5579 A
5579 5580 T
5580 5581 T
5581 5582 T
5582 5583 T
5583 5584 G
5584 5585 C
5585 5586 G
5586 5587 T
5587 5588 C
5588 5589 C
5589 5590 T
5590 5591 T
5591 5592 T
5592 5593 G
5593 5594 T
5594 5595 T
5595 5596 C
5596 5597 C
5597 5598 A
5598 5599 T
5599 5600 G
5600 5601 G
5601 5602 G
5602 5603 C
5603 5604 G
5604 5605 A
5605 5606 A
5606 5607 A
5607 5608 A
5608 5609 G
5609 5610 C
5610 5611 G
5611 5612 G
5612 5613 T
5613 5614 G
5614 5615 C
5615 5616 T
5616 5617 T
5617 5618 T
5618 5619 T
5619 5620 T
5620 5621 C
5621 5622 A
5622 5623 A
5623 5624 G
5624 5625 T
5625 5626 G
5626 5627 G
5627 5628 A
5628 5629 A
5629 5630 C
5630 5631 T
5631 5632 A
5632 5633 G
5633 5634 T
85 467 G
467 468 A
468 469 C
469 470 T
470 471 C
471 472 T
472 473 T
473 474 C
474 475 G
475 476 A
476 477 T
477 478 C
478 479 C
479 480 A
480 481 T
481 482 C
482 483 A
483 484 C
484 485 C
485 486 C
486 487 G
487 488 A
488 489 C
489 490 G
490 491 G
491 492 A
492 493 C
493 494 A
494 495 G
495 496 C
496 497 A
497 498 C
498 499 C
499 500 C
500 501 A
501 502 G
502 503 A
503 504 A
504 505 C
505 506 A
506 507 A
507 508 A
508 509 G
509 510 T
510 511 A
511 512 A
512 513 G
513 514 G
514 515 C
515 516 T
516 517 G
517 518 A
518 519 T
519 520 G
520 521 C
521 522 A
522 523 G
523 524 A
524 525 A
525 526 A
526 527 C
527 528 A
528 529 G
529 530 C
530 531 G
531 532 T
532 533 C
533 534 G
534 535 A
535 536 G
536 537 C
537 538 A
538 539 A
539 540 T
540 541 A
541 542 G
542 543 C
543 544 G
544 545 G
545 546 G
546 547 C
547 548 T
548 549 G
549 550 T
550 551 C
551 552 T
552 553 T
553 554 A
554 555 A
555 556 G
556 557 A
557 558 T
558 559 T
469 4063 C
4063 4064 T
4064 4065 G
4065 4066 C
4066 4067 T
4067 4068 A
4068 4069 T
4069 4070 A
4070 4071 G
4071 4072 A
4072 4073 C
4073 4074 T
4074 4075 G
4075 4076 C
4076 4077 G
4077 4078 A
4078 4079 T
4079 4080 A
4080 4081 A
4081 4082 T
4082 4083 G
4083 4084 G
4084 4085 T
4085 4086 C
4086 4087 A
4087 4088 G
4088 4089 C
4089 4090 A
4090 4091 C
4091 4092 C
4092 4093 A
4093 4094 T
4094 4095 T
4095 4096 C
4096 4097 A
4097 4098 A
4098 4099 T
4099 4100 G
4100 4101 C
4101 4102 T
4102 4103 C
4103 4104 G
4104 4105 T
4105 4106 C
4106 4107 C
4107 4108 C
4108 4109 G
4109 4110 T
4110 4111 C
4111 4112 A
4112 4113 G
4113 4114 C
4114 4115 C
4115 4116 C
4116 4117 A
4117 4118 A
4118 4119 G
4119 4120 G
4120 4121 T
4121 4122 G
4122 4123 T
4123 4124 A
4124 4125 A
4125 4126 G
4126 4127 C
4127 4128 T
4128 4129 A
4129 4130 C
4130 4131 T
4131 4132 C
4132 4133 C
4133 4134 C
4134 4135 T
4135 4136 G
4136 4137 C
4137 4138 C
4138 4139 G
4139 4140 T
4140 4141 T
4141 4142 A
4142 4143 A
4143 4144 G
4144 4145 A
4145 4146 G
4146 4147 A
4147 4148 C
4148 4149 T
468 1898 G
1898 1899 T
1899 1900 A
1900 1901 T
1901 1902 A
1902 1903 C
1903 1904 A
1904 1905 C
1905 1906 T
1906 1907 A
1907 1908 C
1908 1909 C
1909 1910 T
1910 1911 G
1911 1912 C
1912 1913 G
1913 1914 T
1914 1915 A
1915 1916 G
1916 1917 T
1917 1918 T
1918 1919 C
1919 1920 G
1920 1921 G
1921 1922 C
1922 1923 C
1923 1924 A
1924 1925 C
1925 1926 A
1926 1927 G
1927 1928 A
1928 1929 T
1929 1930 T
1930 1931 A
1931 1932 C
1932 1933 C
1933 1934 T
1934 1935 G
1935 1936 C
1936 1937 T
1937 1938 C
1938 1939 T
1939 1940 C
1940 1941 A
1941 1942 T
1942 1943 G
1943 1944 T
1944 1945 A
1945 1946 T
1946 1947 T
1947 1948 C
1948 1949 A
1949 1950 G
1950 1951 A
1951 1952 A
1952 1953 A
1953 1954 A
1954 1955 C
1955 1956 A
1956 1957 G
1957 1958 G
1958 1959 C
1959 1960 A
1960 1961 A
1961 1962 A
1962 1963 A
1963 1964 T
1964 1965 G
1965 1966 A
1966 1967 T
1967 1968 C
1968 1969 A
1969 1970 C
1970 1971 C
1971 1972 A
1972 1973 C
1973 1974 C
1974 1975 C
1975 1976 A
1976 1977 C
1977 1978 A
1978 1979 C
1979 1980 T
1980 1981 C
1981 1982 A
1982 1983 G
1983 1984 A
1984 1985 A
1985 1986 T
1986 1987 T
1987 1988 T
1988 1989 C
1989 1990 T
1990 1991 G
1991 1992 G
1992 1993 G
1898 2622 A
2622 2623 A
2623 2624 A
2624 2625 A
2625 2626 G
2626 2627 C
2627 2628 G
2628 2629 C
2629 2630 C
2630 2631 T
2631 2632 G
2632 2633 A
2633 2634 C
2634 2635 T
2635 2636 A
2636 2637 C
2637 2638 G
2638 2639 A
2639 2640 G
2640 2641 T
2641 2642 G
2642 2643 A
2643 2644 A
2644 2645 A
2645 2646 C
2646 2647 A
2647 2648 A
2648 2649 C
2649 2650 A
2650 2651 T
2651 2652 T
2652 2653 G
2653 2654 T
2654 2655 A
2655 2656 C
2656 2657 A
2657 2658 A
2658 2659 G
2659 2660 T
2660 2661 T
2661 2662 T
2662 2663 A
2663 2664 T
2664 2665 G
2665 2666 G
2666 2667 C
2667 2668 A
2668 2669 T
2669 2670 A
2670 2671 G
2671 2672 C
2672 2673 C
2673 2674 T
2674 2675 C
2675 2676 A
2676 2677 G
2677 2678 T
2678 2679 C
2679 2680 T
2680 2681 C
2681 2682 A
2682 2683 A
2683 2684 G
2684 2685 A
2685 2686 C
2686 2687 C
2687 2688 C
2688 2689 T
2689 2690 G
2690 2691 A
2691 2692 C
2692 2693 T
2693 2694 A
2694 2695 C
2695 2696 A
2696 2697 A
2697 2698 A
2698 2699 A
2699 2700 A
2700 2701 A
2701 2702 G
2702 2703 C
2703 2704 A
2704 2705 T
2705 2706 G
2706 2707 A
2707 2708 A
2708 2709 A
2622 6505 G
6505 6506 C
6506 6507 A
6507 6508 C
6508 6509 C
6509 6510 T
6510 6511 G
6511 6512 C
6512 6513 T
6513 6514 A
6514 6515 G
6515 6516 G
6516 6517 T
6517 6518 C
6518 6519 C
6519 6520 C
6520 6521 A
6521 6522 C
6522 6523 G
6523 6524 A
6524 6525 G
6525 6526 T
6526 6527 T
6527 6528 A
6528 6529 C
6529 6530 C
6530 6531 C
6531 6532 G
6532 6533 G
6533 6534 A
6534 6535 A
6535 6536 C
6536 6537 C
6537 6538 G
6538 6539 G
6539 6540 T
6540 6541 C
6541 6542 A
6542 6543 G
6543 6544 A
6544 6545 A
6545 6546 T
6546 6547 G
6547 6548 A
6548 6549 A
6549 6550 C
6550 6551 G
6551 6552 T
6552 6553 T
6553 6554 G
6554 6555 A
6555 6556 C
6556 6557 A
6557 6558 T
6558 6559 C
6559 6560 C
6560 6561 G
6561 6562 C
6562 6563 A
6563 6564 A
6564 6565 A
6565 6566 G
6566 6567 A
6567 6568 C
6568 6569 C
6569 6570 A
6570 6571 T
6571 6572 C
6572 6573 G
6573 6574 T
6574 6575 G
6575 6576 T
6576 6577 T
6577 6578 T
6578 6579 T
467 1003 C
1003 1004 T
1004 1005 A
1005 1006 T
1006 1007 T
1007 1008 A
1008 1009 T
1009 1010 G
1010 1011 C
1011 1012 C
1012 1013 C
1013 1014 C
1014 1015 C
1015 1016 G
1016 1017 T
1017 1018 C
1018 1019 T
1019 1020 G
1020 1021 A
1021 1022 A
1022 1023 C
1023 1024 T
1024 1025 C
1025 1026 C
1026 1027 T
1027 1028 G
1028 1029 G
1029 1030 G
1030 1031 C
1031 1032 T
1032 1033 A
1033 1034 A
1034 1035 C
1035 1036 C
1036 1037 A
1037 1038 C
1038 1039 C
1039 1040 G
1040 1041 G
1041 1042 T
1042 1043 T
1043 1044 G
1044 1045 T
1045 1046 A
1046 1047 G
1047 1048 C
1048 1049 C
1049 1050 C
1050 1051 A
1051 1052 T
1052 1053 T
1053 1054 A
1054 1055 A
1055 1056 C
1056 1057 C
1057 1058 G
1058 1059 G
1059 1060 C
1060 1061 A
1061 1062 A
1062 1063 T
1063 1064 G
1064 1065 C
1065 1066 A
1066 1067 T
1067 1068 A
1068 1069 A
1069 1070 C
1070 1071 C
1071 1072 C
1072 1073 T
1073 1074 C
1074 1075 G
1075 1076 A
1076 1077 G
1077 1078 A
1078 1079 T
1079 1080 T
1080 1081 A
1081 1082 C
1082 1083 C
1083 1084 A
1084 1085 T
1085 1086 T
1086 1087 A
1087 1088 A
1088 1089 T
1089 1090 A
1090 1091 C
1091 1092 C
1092 1093 G
1093 1094 G
1003 2265 A
2265 2266 C
2266 2267 T
2267 2268 A
2268 2269 A
2269 2270 T
2270 2271 T
2271 2272 T
2272 2273 G
2273 2274 C
2274 2275 G
2275 2276 C
2276 2277 C
2277 2278 T
2278 2279 A
2279 2280 C
2280 2281 C
2281 2282 G
2282 2283 C
2283 2284 G
2284 2285 C
2285 2286 A
2286 2287 C
2287 2288 T
2288 2289 T
2289 2290 G
2290 2291 C
2291 2292 A
2292 2293 G
2293 2294 T
2294 2295 A
2295 2296 A
2296 2297 G
2297 2298 T
2298 2299 C
2299 2300 T
2300 2301 C
2301 2302 C
2302 2303 C
2303 2304 C
2304 2305 C
2305 2306 G
2306 2307 A
2307 2308 T
2308 2309 C
2309 2310 G
2310 2311 C
2311 2312 A
2312 2313 C
2313 2314 A
2314 2315 G
2315 2316 T
2316 2317 A
2317 2318 A
2318 2319 G
2319 2320 G
2320 2321 G
2321 2322 C
2322 2323 T
2323 2324 G
2324 2325 A
2325 2326 C
2326 2327 A
2327 2328 G
2328 2329 C
2329 2330 C
2330 2331 C
2331 2332 A
2332 2333 G
2333 2334 C
2334 2335 G
2335 2336 C
2336 2337 T
2337 2338 C
2338 2339 T
2339 2340 C
2340 2341 C
2341 2342 T
2342 2343 G
2343 2344 C
2344 2345 A
2345 2346 C
2346 2347 A
2347 2348 A
2348 2349 A
2349 2350 T
2350 2351 A
2351 2352 T
2352 2353 G
2353 2354 A
2354 2355 C
2355 2356 C
467 1994 G
1994 1995 A
1995 1996 G
1996 1997 A
1997 1998 T
1998 1999 T
1999 2000 C
2000 2001 G
2001 2002 C
2002 2003 C
2003 2004 A
2004 2005 A
2005 2006 T
2006 2007 A
2007 2008 T
2008 2009 T
2009 2010 A
2010 2011 T
2011 2012 A
2012 2013 T
2013 2014 C
2014 2015 T
2015 2016 A
2016 2017 T
2017 2018 G
2018 2019 C
2019 2020 G
2020 2021 C
2021 2022 T
2022 2023 G
2023 2024 A
2024 2025 C
2025 2026 G
2026 2027 C
2027 2028 A
2028 2029 A
2029 2030 A
2030 2031 A
2031 2032 A
2032 2033 C
2033 2034 C
2034 2035 A
2035 2036 G
2036 2037 C
2037 2038 G
2038 2039 G
2039 2040 G
2040 2041 C
2041 2042 A
2042 2043 C
2043 2044 G
2044 2045 C
2045 2046 A
2046 2047 G
2047 2048 A
2048 2049 T
2049 2050 A
2050 2051 C
2051 2052 G
2052 2053 C
2053 2054 G
2054 2055 T
2055 2056 C
2056 2057 A
2057 2058 T
2058 2059 G
2059 2060 T
2060 2061 G
2061 2062 A
2062 2063 C
2063 2064 C
2064 2065 G
2065 2066 A
2066 2067 T
2067 2068 A
2068 2069 C
2069 2070 G
2070 2071 A
2071 2072 T
2072 2073 T
2073 2074 T
2074 2075 T
467 6668 T
6668 6669 G
6669 6670 A
6670 6671 C
6671 6672 G
6672 6673 G
6673 6674 T
6674 6675 T
6675 6676 G
6676 6677 G
6677 6678 T
6678 6679 T
6679 6680 T
6680 6681 A
6681 6682 C
6682 6683 T
6683 6684 C
6684 6685 A
6685 6686 G
6686 6687 T
6687 6688 C
6688 6689 G
6689 6690 C
6690 6691 C
6691 6692 T
6692 6693 A
6693 6694 A
6694 6695 T
6695 6696 C
6696 6697 C
6697 6698 C
6698 6699 T
6699 6700 G
6700 6701 T
6701 6702 A
6702 6703 C
6703 6704 A
6704 6705 C
6705 6706 T
6706 6707 T
6707 6708 C
6708 6709 A
6709 6710 T
6710 6711 G
6711 6712 G
6712 6713 A
6713 6714 A
6714 6715 G
6715 6716 C
6716 6717 T
6717 6718 T
6718 6719 A
6719 6720 A
6720 6721 T
6721 6722 G
6722 6723 A
6723 6724 G
6724 6725 T
6725 6726 T
6726 6727 C
6727 6728 G
6728 6729 C
6729 6730 G
6730 6731 A
6731 6732 C
6732 6733 T
6733 6734 G
6734 6735 T
6735 6736 A
6736 6737 C
6737 6738 A
6738 6739 A
6739 6740 A
6740 6741 G
6741 6742 T
6742 6743 T
6743 6744 T
6744 6745 T
6745 6746 T
6746 6747 G
6747 6748 G
6748 6749 G
6749 6750 T
6750 6751 C
85 1373 C
1373 1374 T
1374 1375 G
1375 1376 T
1376 1377 T
1377 1378 A
1378 1379 C
1379 1380 C
1380 1381 T
1381 1382 G
1382 1383 G
1383 1384 A
1384 1385 G
1385 1386 A
1386 1387 A
1387 1388 G
1388 1389 G
1389 1390 C
1390 1391 T
1391 1392 G
1392 1393 G
1393 1394 A
1394 1395 A
1395 1396 C
1396 1397 C
1397 1398 A
1398 1399 T
1399 1400 G
1400 1401 A
1401 1402 C
1402 1403 A
1403 1404 T
1404 1405 C
1405 1406 A
1406 1407 G
1407 1408 T
1408 1409 G
1409 1410 T
1410 1411 C
1411 1412 G
1412 1413 G
1413 1414 C
1414 1415 A
1415 1416 C
1416 1417 T
1417 1418 C
1418 1419 A
1419 1420 C
1420 1421 T
1421 1422 C
1422 1423 A
1423 1424 A
1424 1425 A
1425 1426 G
1426 1427 G
1427 1428 T
1428 1429 G
1429 1430 C
1430 1431 C
1431 1432 A
1432 1433 C
1433 1434 T
1434 1435 T
1435 1436 G
1436 1437 A
1437 1438 C
1438 1439 G
1439 1440 T
1440 1441 G
1441 1442 A
1442 1443 T
1443 1444 C
1444 1445 T
1445 1446 T
1446 1447 A
1447 1448 G
1448 1449 C
1449 1450 G
1450 1451 C
1451 1452 C
1452 1453 C
1453 1454 T
1454 1455 T
1455 1456 T
1456 1457 G
1457 1458 A
1458 1459 T
1459 1460 C
1460 1461 A
1461 1462 T
1462 1463 G
1463 1464 A
1464 1465 A
1465 1466 A
1466 1467 G
1374 4935 A
4935 4936 C
4936 4937 G
4937 4938 T
4938 4939 A
4939 4940 C
4940 4941 T
4941 4942 T
4942 4943 A
4943 4944 T
4944 4945 T
4945 4946 C
4946 4947 C
4947 4948 C
4948 4949 G
4949 4950 C
4950 4951 C
4951 4952 T
4952 4953 T
4953 4954 C
4954 4955 C
4955 4956 G
4956 4957 G
4957 4958 G
4958 4959 A
4959 4960 T
4960 4961 G
4961 4962 G
4962 4963 T
4963 4964 T
4964 4965 T
4965 4966 C
4966 4967 C
4967 4968 T
4968 4969 G
4969 4970 T
4970 4971 A
4971 4972 T
4972 4973 T
4973 4974 T
4974 4975 A
4975 4976 T
4976 4977 G
4977 4978 T
4978 4979 A
4979 4980 C
4980 4981 A
4981 4982 G
4982 4983 G
4983 4984 T
4984 4985 G
4985 4986 A
4986 4987 C
4987 4988 A
4988 4989 G
4989 4990 C
4990 4991 C
4991 4992 A
4992 4993 C
4993 4994 G
4994 4995 A
4995 4996 T
4996 4997 G
4997 4998 C
4998 4999 C
4999 5000 G
5000 5001 A
5001 5002 C
5002 5003 C
5003 5004 G
5004 5005 A
5005 5006 G
5006 5007 C
5007 5008 G
5008 5009 C
5009 5010 G
5010 5011 T
5011 5012 A
5012 5013 A
5013 5014 T
5014 5015 C
5015 5016 G
5016 5017 G
5017 5018 T
5018 5019 A
5019 5020 T
5020 5021 T
5021 5022 C
5022 5023 C
5023 5024 T
5024 5025 G
5025 5026 A
5026 5027 A
5027 5028 T
85 2710 A
2710 2711 A
2711 2712 G
2712 2713 A
2713 2714 C
2714 2715 G
2715 2716 G
2716 2717 C
2717 2718 A
2718 2719 A
2719 2720 T
2720 2721 C
2721 2722 C
2722 2723 T
2723 2724 T
2724 2725 T
2725 2726 C
2726 2727 C
2727 2728 A
2728 2729 T
2729 2730 A
2730 2731 T
2731 2732 C
2732 2733 G
2733 2734 G
2734 2735 C
2735 2736 A
2736 2737 G
2737 2738 T
2738 2739 C
2739 2740 A
2740 2741 T
2741 2742 G
2742 2743 T
2743 2744 T
2744 2745 A
2745 2746 T
2746 2747 T
2747 2748 G
2748 2749 C
2749 2750 T
2750 2751 T
2751 2752 T
2752 2753 C
2753 2754 A
2754 2755 G
2755 2756 G
2756 2757 C
2757 2758 A
2758 2759 G
2759 2760 G
2760 2761 G
2761 2762 A
2762 2763 G
2763 2764 C
2764 2765 C
2765 2766 A
2766 2767 T
2767 2768 A
2768 2769 A
2769 2770 A
2770 2771 C
2771 2772 T
2772 2773 G
2773 2774 C
2774 2775 C
2775 2776 C
2776 2777 A
2777 2778 A
2778 2779 G
2779 2780 T
2780 2781 A
2781 2782 T
2782 2783 C
2783 2784 A
2784 2785 T
2785 2786 A
2786 2787 G
2787 2788 G
2788 2789 T
2789 2790 G
2790 2791 T
2791 2792 G
2792 2793 G
2793 2794 T
2794 2795 C
2795 2796 C
2796 2797 A
2797 2798 T
2798 2799 G
2799 2800 T
2800 2801 T
2712 5029 G
5029 5030 C
5030 5031 A
5031 5032 C
5032 5033 G
5033 5034 A
5034 5035 G
5035 5036 T
5036 5037 C
5037 5038 G
5038 5039 A
5039 5040 G
5040 5041 C
5041 5042 A
5042 5043 A
5043 5044 G
5044 5045 G
5045 5046 G
5046 5047 T
5047 5048 C
5048 5049 T
5049 5050 A
5050 5051 A
5051 5052 G
5052 5053 T
5053 5054 A
5054 5055 T
5055 5056 A
5056 5057 C
5057 5058 T
5058 5059 C
5059 5060 G
5060 5061 G
5061 5062 C
5062 5063 A
5063 5064 C
5064 5065 T
5065 5066 G
5066 5067 G
5067 5068 G
5068 5069 A
5069 5070 C
5070 5071 T
5071 5072 T
5072 5073 C
5073 5074 T
5074 5075 G
5075 5076 T
5076 5077 T
5077 5078 T
5078 5079 C
5079 5080 T
5080 5081 T
5081 5082 G
5082 5083 C
5083 5084 G
5084 5085 G
5085 5086 T
5086 5087 C
5087 5088 C
5088 5089 G
5089 5090 T
5090 5091 C
5091 5092 T
5092 5093 T
5093 5094 G
5094 5095 T
5095 5096 A
5096 5097 G
5097 5098 C
5098 5099 A
5099 5100 C
5100 5101 C
5101 5102 G
5102 5103 G
5103 5104 G
5104 5105 T
5105 5106 G
5106 5107 G
5107 5108 T
5108 5109 G
5109 5110 G
5110 5111 C
5111 5112 A
2710 2993 G
2993 2994 G
2994 2995 C
2995 2996 A
2996 2997 A
2997 2998 G
2998 2999 A
2999 3000 A
3000 3001 G
3001 3002 T
3002 3003 G
3003 3004 T
3004 3005 G
3005 3006 C
3006 3007 T
3007 3008 C
3008 3009 G
3009 3010 G
3010 3011 G
3011 3012 C
3012 3013 G
3013 3014 A
3014 3015 G
3015 3016 C
3016 3017 G
3017 3018 A
3018 3019 T
3019 3020 G
3020 3021 C
3021 3022 C
3022 3023 C
3023 3024 T
3024 3025 A
3025 3026 A
3026 3027 T
3027 3028 A
3028 3029 C
3029 3030 G
3030 3031 T
3031 3032 C
3032 3033 T
3033 3034 C
3034 3035 A
3035 3036 A
3036 3037 G
3037 3038 G
3038 3039 G
3039 3040 C
3040 3041 A
3041 3042 C
3042 3043 A
3043 3044 T
3044 3045 A
3045 3046 G
3046 3047 C
3047 3048 T
3048 3049 T
3049 3050 G
3050 3051 A
3051 3052 T
3052 3053 G
3053 3054 A
3054 3055 T
3055 3056 G
3056 3057 A
3057 3058 C
3058 3059 G
3059 3060 G
3060 3061 T
3061 3062 T
3062 3063 A
3063 3064 A
3064 3065 G
3065 3066 C
3066 3067 C
3067 3068 C
3068 3069 T
3069 3070 C
3070 3071 C
3071 3072 G
3072 3073 T
3073 3074 T
3074 3075 C
3075 3076 T
3076 3077 C
3077 3078 T
3078 3079 T
3079 3080 C
3080 3081 G
2993 3788 T
3788 3789 T
3789 3790 T
3790 3791 T
3791 3792 G
3792 3793 G
3793 3794 T
3794 3795 A
3795 3796 A
3796 3797 G
3797 3798 C
3798 3799 T
3799 3800 T
3800 3801 G
3801 3802 C
3802 3803 A
3803 3804 A
3804 3805 G
3805 3806 C
3806 3807 G
3807 3808 G
3808 3809 T
3809 3810 A
3810 3811 T
3811 3812 T
3812 3813 A
3813 3814 T
3814 3815 T
3815 3816 A
3816 3817 C
3817 3818 C
3818 3819 C
3819 3820 C
3820 3821 G
3821 3822 A
3822 3823 C
3823 3824 G
3824 3825 C
3825 3826 T
3826 3827 T
3827 3828 C
3828 3829 T
3829 3830 G
3830 3831 T
3831 3832 T
3832 3833 C
3833 3834 A
3834 3835 C
3835 3836 C
3836 3837 G
3837 3838 G
3838 3839 C
3839 3840 A
3840 3841 A
3841 3842 G
3842 3843 G
3843 3844 A
3844 3845 C
3845 3846 G
3846 3847 T
3847 3848 A
3848 3849 T
3849 3850 A
3850 3851 G
3851 3852 C
3852 3853 T
3853 3854 G
3854 3855 G
3855 3856 C
3856 3857 G
3857 3858 A
3858 3859 A
3859 3860 C
3860 3861 T
3861 3862 A
3862 3863 T
3863 3864 C
3864 3865 G
3865 3866 T
3866 3867 T
3867 3868 G
3868 3869 G
3869 3870 T
3870 3871 G
3871 3872 A
3872 3873 G
3873 3874 C
3874 3875 T
3875 3876 T
3876 3877 C
3877 3878 G
3878 3879 C
3879 3880 T
3880 3881 G
3881 3882 A
2710 3345 C
3345 3346 C
3346 3347 A
3347 3348 T
3348 3349 C
3349 3350 A
3350 3351 G
3351 3352 C
3352 3353 C
3353 3354 A
3354 3355 T
3355 3356 G
3356 3357 C
3357 3358 A
3358 3359 C
3359 3360 G
3360 3361 G
3361 3362 T
3362 3363 T
3363 3364 C
3364 3365 C
3365 3366 T
3366 3367 A
3367 3368 A
3368 3369 T
3369 3370 G
3370 3371 A
3371 3372 A
3372 3373 A
3373 3374 A
3374 3375 C
3375 3376 T
3376 3377 G
3377 3378 C
3378 3379 A
3379 3380 A
3380 3381 C
3381 3382 T
3382 3383 G
3383 3384 C
3384 3385 C
3385 3386 T
3386 3387 T
3387 3388 T
3388 3389 C
3389 3390 A
3390 3391 G
3391 3392 G
3392 3393 C
3393 3394 T
3394 3395 T
3395 3396 C
3396 3397 C
3397 3398 A
3398 3399 T
3399 3400 G
3400 3401 G
3401 3402 C
3402 3403 C
3403 3404 T
3404 3405 A
3405 3406 G
3406 3407 A
3407 3408 T
3408 3409 T
3409 3410 G
3410 3411 T
3411 3412 C
3412 3413 A
3413 3414 T
3414 3415 C
3415 3416 C
3416 3417 G
3417 3418 C
3418 3419 A
3419 3420 C
3420 3421 G
3421 3422 C
3422 3423 T
3423 3424 T
3424 3425 T
3425 3426 G
3426 3427 A
3427 3428 T
3428 3429 T
3429 3430 T
3430 3431 G
3431 3432 T
3432 3433 T
3433 3434 A
3434 3435 C
3435 3436 T
3436 3437 T
3437 3438 T
3438 3439 G
3439 3440 T
2710 5977 T
5977 5978 A
5978 5979 A
5979 5980 T
5980 5981 G
5981 5982 A
5982 5983 A
5983 5984 C
5984 5985 A
5985 5986 A
5986 5987 C
5987 5988 A
5988 5989 A
5989 5990 T
5990 5991 A
5991 5992 C
5992 5993 T
5993 5994 T
5994 5995 T
5995 5996 C
5996 5997 C
5997 5998 A
5998 5999 T
5999 6000 C
6000 6001 T
6001 6002 T
6002 6003 A
6003 6004 T
6004 6005 T
6005 6006 A
6006 6007 C
6007 6008 G
6008 6009 C
6009 6010 C
6010 6011 A
6011 6012 C
6012 6013 C
6013 6014 C
6014 6015 T
6015 6016 T
6016 6017 A
6017 6018 T
6018 6019 G
6019 6020 C
6020 6021 G
6021 6022 A
6022 6023 T
6023 6024 G
6024 6025 T
6025 6026 A
6026 6027 T
6027 6028 G
6028 6029 T
6029 6030 T
6030 6031 A
6031 6032 C
6032 6033 C
6033 6034 A
6034 6035 A
6035 6036 G
6036 6037 G
6037 6038 A
6038 6039 T
6039 6040 C
6040 6041 G
6041 6042 T
6042 6043 T
6043 6044 T
6044 6045 C
6045 6046 T
6046 6047 T
6047 6048 T
6048 6049 A
6049 6050 A
6050 6051 C
6051 6052 A
6052 6053 C
6053 6054 A
6054 6055 G
6055 6056 T
6056 6057 A
6057 6058 T
6058 6059 A
6059 6060 G
6060 6061 T
6061 6062 A
6062 6063 C
6063 6064 G
6064 6065 T
6065 6066 T
6066 6067 A
1 275 C
275 276 A
276 277 C
277 278 T
278 279 C
279 280 A
280 281 G
281 282 G
282 283 A
283 284 T
284 285 T
285 286 C
286 287 T
287 288 A
288 289 A
289 290 A
290 291 G
291 292 G
292 293 T
293 294 C
294 295 C
295 296 G
296 297 T
297 298 T
298 299 T
299 300 A
300 301 G
301 302 G
302 303 C
303 304 A
304 305 G
305 306 A
306 307 A
307 308 T
308 309 T
309 310 G
310 311 A
311 312 C
312 313 C
313 314 T
314 315 G
315 316 T
316 317 T
317 318 C
318 319 T
319 320 C
320 321 T
321 322 T
322 323 A
323 324 A
324 325 C
325 326 T
326 327 C
327 328 C
328 329 T
329 330 G
330 331 C
331 332 G
332 333 G
333 334 G
334 335 C
335 336 T
336 337 G
337 338 A
338 339 T
339 340 A
340 341 T
341 342 A
342 343 T
343 344 T
344 345 A
345 346 C
346 347 C
347 348 T
348 349 T
349 350 C
350 351 A
351 352 A
352 353 C
353 354 G
354 355 A
355 356 T
356 357 G
357 358 G
358 359 A
359 360 G
360 361 A
361 362 A
362 363 T
363 364 T
364 365 T
365 366 T
366 367 A
367 368 C
368 369 C
369 370 G
278 6157 G
6157 6158 T
6158 6159 T
6159 6160 G
6160 6161 G
6161 6162 G
6162 6163 T
6163 6164 C
6164 6165 G
6165 6166 G
6166 6167 C
6167 6168 A
6168 6169 A
6169 6170 C
6170 6171 T
6171 6172 T
6172 6173 C
6173 6174 T
6174 6175 G
6175 6176 C
6176 6177 A
6177 6178 T
6178 6179 T
6179 6180 G
6180 6181 G
6181 6182 G
6182 6183 T
6183 6184 C
6184 6185 C
6185 6186 A
6186 6187 C
6187 6188 A
6188 6189 G
6189 6190 C
6190 6191 T
6191 6192 A
6192 6193 G
6193 6194 C
6194 6195 T
6195 6196 A
6196 6197 T
6197 6198 G
6198 6199 C
6199 6200 T
6200 6201 C
6201 6202 A
6202 6203 G
6203 6204 T
6204 6205 T
6205 6206 G
6206 6207 G
6207 6208 G
6208 6209 C
6209 6210 C
6210 6211 G
6211 6212 C
6212 6213 T
6213 6214 A
6214 6215 A
6215 6216 G
6216 6217 A
6217 6218 T
6218 6219 G
6219 6220 A
6220 6221 C
6221 6222 T
6222 6223 C
6223 6224 G
6224 6225 C
6225 6226 A
6226 6227 A
6227 6228 G
6228 6229 C
6229 6230 G
6230 6231 A
6231 6232 T
6232 6233 G
6233 6234 C
6234 6235 T
6235 6236 A
6236 6237 A
6237 6238 A
6238 6239 G
6239 6240 A
6240 6241 G
6241 6242 T
6242 6243 G
6243 6244 T
6244 6245 T
6245 6246 G
6246 6247 A
6247 6248 A
6248 6249 C
6249 6250 A
276 1468 G
1468 1469 A
1469 1470 G
1470 1471 C
1471 1472 G
1472 1473 G
1473 1474 C
1474 1475 G
1475 1476 G
1476 1477 C
1477 1478 A
1478 1479 T
1479 1480 T
1480 1481 G
1481 1482 A
1482 1483 T
1483 1484 A
1484 1485 G
1485 1486 A
1486 1487 G
1487 1488 T
1488 1489 A
1489 1490 C
1490 1491 A
1491 1492 G
1492 1493 C
1493 1494 A
1494 1495 A
1495 1496 A
1496 1497 T
1497 1498 C
1498 1499 T
1499 1500 A
1500 1501 C
1501 1502 A
1502 1503 A
1503 1504 A
1504 1505 C
1505 1506 C
1506 1507 T
1507 1508 A
1508 1509 C
1509 1510 A
1510 1511 G
1511 1512 T
1512 1513 T
1513 1514 T
1514 1515 G
1515 1516 A
1516 1517 G
1517 1518 A
1518 1519 C
1519 1520 A
1520 1521 T
1521 1522 C
1522 1523 A
1523 1524 G
1524 1525 A
1525 1526 A
1526 1527 C
1527 1528 C
1528 1529 C
1529 1530 T
1530 1531 G
1531 1532 A
1532 1533 G
1533 1534 G
1534 1535 G
1535 1536 G
1536 1537 A
1537 1538 G
1538 1539 C
1539 1540 A
1540 1541 A
1541 1542 T
1542 1543 T
1543 1544 A
1544 1545 G
1545 1546 G
1469 4769 A
4769 4770 C
4770 4771 G
4771 4772 A
4772 4773 T
4773 4774 C
4774 4775 G
4775 4776 T
4776 4777 G
4777 4778 T
4778 4779 T
4779 4780 C
4780 4781 A
4781 4782 G
4782 4783 C
4783 4784 A
4784 4785 T
4785 4786 T
4786 4787 A
4787 4788 C
4788 4789 C
4789 4790 G
4790 4791 A
4791 4792 A
4792 4793 C
4793 4794 T
4794 4795 G
4795 4796 C
4796 4797 C
4797 4798 A
4798 4799 C
4799 4800 C
4800 4801 T
4801 4802 A
4802 4803 A
4803 4804 C
4804 4805 A
4805 4806 T
4806 4807 C
4807 4808 T
4808 4809 C
4809 4810 A
4810 4811 G
4811 4812 T
4812 4813 A
4813 4814 G
4814 4815 T
4815 4816 C
4816 4817 T
4817 4818 T
4818 4819 T
4819 4820 T
4820 4821 A
4821 4822 T
4822 4823 G
4823 4824 G
4824 4825 T
4825 4826 C
4826 4827 T
4827 4828 A
4828 4829 C
4829 4830 G
4830 4831 A
4831 4832 C
4832 4833 T
4833 4834 G
4834 4835 T
4835 4836 G
4836 4837 G
4837 4838 A
4838 4839 A
4839 4840 G
4840 4841 G
4841 4842 G
4842 4843 G
4843 4844 A
4844 4845 A
4845 4846 A
4846 4847 T
4847 4848 T
4848 4849 C
4849 4850 C
4850 4851 T
1469 6336 C
6336 6337 G
6337 6338 T
6338 6339 A
6339 6340 G
6340 6341 T
6341 6342 T
6342 6343 G
6343 6344 C
6344 6345 G
6345 6346 G
6346 6347 C
6347 6348 G
6348 6349 C
6349 6350 T
6350 6351 G
6351 6352 G
6352 6353 C
6353 6354 T
6354 6355 T
6355 6356 C
6356 6357 G
6357 6358 G
6358 6359 G
6359 6360 A
6360 6361 G
6361 6362 A
6362 6363 C
6363 6364 C
6364 6365 C
6365 6366 C
6366 6367 C
6367 6368 C
6368 6369 A
6369 6370 T
6370 6371 G
6371 6372 C
6372 6373 A
6373 6374 G
6374 6375 G
6375 6376 C
6376 6377 C
6377 6378 A
6378 6379 A
6379 6380 A
6380 6381 G
6381 6382 G
6382 6383 T
6383 6384 A
6384 6385 G
6385 6386 G
6386 6387 T
6387 6388 C
6388 6389 C
6389 6390 T
6390 6391 G
6391 6392 A
6392 6393 C
6393 6394 G
6394 6395 T
6395 6396 A
6396 6397 T
6397 6398 C
6398 6399 T
6399 6400 T
6400 6401 T
6401 6402 C
6402 6403 A
6403 6404 T
6404 6405 A
6405 6406 A
6406 6407 T
6407 6408 G
6408 6409 C
6409 6410 T
6410 6411 T
6411 6412 T
6412 6413 C
6413 6414 G
6414 6415 T
6415 6416 G
6416 6417 C
6417 6418 C
6418 6419 A
6419 6420 T
6420 6421 G
6421 6422 A
275 371 G
371 372 C
372 373 C
373 374 T
374 375 T
375 376 T
376 377 C
377 378 T
378 379 T
379 380 A
380 381 C
381 382 G
382 383 G
383 384 T
384 385 G
385 386 T
386 387 T
387 388 C
388 389 G
389 390 A
390 391 A
391 392 C
392 393 T
393 394 A
394 395 G
395 396 T
396 397 G
397 398 G
398 399 T
399 400 G
400 401 C
401 402 T
402 403 T
403 404 G
404 405 T
405 406 T
406 407 A
407 408 A
408 409 A
409 410 T
410 411 T
411 412 C
412 413 C
413 414 G
414 415 C
415 416 A
416 417 G
417 418 A
418 419 C
419 420 T
420 421 C
421 422 G
422 423 C
423 424 A
424 425 A
425 426 C
426 427 C
427 428 C
428 429 T
429 430 A
430 431 A
431 432 T
432 433 C
433 434 T
434 435 C
435 436 G
436 437 T
437 438 A
438 439 A
439 440 G
440 441 C
441 442 T
442 443 G
443 444 G
444 445 C
445 446 G
446 447 C
447 448 T
448 449 G
449 450 T
450 451 C
451 452 G
452 453 T
453 454 G
454 455 A
455 456 A
456 457 C
457 458 C
458 459 T
459 460 T
460 461 A
461 462 G
462 463 G
463 464 C
464 465 G
465 466 A
372 1547 T
1547 1548 G
1548 1549 A
1549 1550 T
1550 1551 G
1551 1552 G
1552 1553 G
1553 1554 C
1554 1555 A
1555 1556 A
1556 1557 T
1557 1558 G
1558 1559 G
1559 1560 C
1560 1561 G
1561 1562 T
1562 1563 A
1563 1564 G
1564 1565 C
1565 1566 C
1566 1567 A
1567 1568 T
1568 1569 G
1569 1570 A
1570 1571 A
1571 1572 C
1572 1573 C
1573 1574 T
1574 1575 C
1575 1576 A
1576 1577 C
1577 1578 C
1578 1579 G
1579 1580 C
1580 1581 A
1581 1582 A
1582 1583 C
1583 1584 C
1584 1585 A
1585 1586 G
1586 1587 T
1587 1588 A
1588 1589 T
1589 1590 C
1590 1591 A
1591 1592 C
1592 1593 G
1593 1594 C
1594 1595 G
1595 1596 T
1596 1597 A
1597 1598 C
1598 1599 C
1599 1600 A
1600 1601 A
1601 1602 G
1602 1603 T
1603 1604 G
1604 1605 G
1605 1606 G
1606 1607 T
1607 1608 T
1608 1609 C
1609 1610 G
1610 1611 C
1611 1612 A
1612 1613 A
1613 1614 T
1614 1615 G
1615 1616 T
1616 1617 A
1617 1618 C
1618 1619 T
1619 1620 G
1620 1621 T
1621 1622 A
1622 1623 T
1623 1624 C
1624 1625 T
1625 1626 A
1626 1627 G
1627 1628 G
1628 1629 C
1629 1630 C
1630 1631 T
1631 1632 T
1632 1633 C
1633 1634 G
1634 1635 G
1635 1636 T
1636 1637 T
1637 1638 C
1638 1639 T
1639 1640 T
1640 1641 G
1641 1642 A
1547 2357 A
2357 2358 T
2358 2359 T
2359 2360 G
2360 2361 T
2361 2362 T
2362 2363 T
2363 2364 T
2364 2365 A
2365 2366 A
2366 2367 G
2367 2368 G
2368 2369 A
2369 2370 T
2370 2371 A
2371 2372 A
2372 2373 A
2373 2374 A
2374 2375 T
2375 2376 A
2376 2377 A
2377 2378 C
2378 2379 G
2379 2380 A
2380 2381 G
2381 2382 A
2382 2383 C
2383 2384 G
2384 2385 C
2385 2386 T
2386 2387 T
2387 2388 A
2388 2389 C
2389 2390 G
2390 2391 T
2391 2392 C
2392 2393 T
2393 2394 G
2394 2395 C
2395 2396 C
2396 2397 A
2397 2398 T
2398 2399 C
2399 2400 T
2400 2401 C
2401 2402 A
2402 2403 C
2403 2404 C
2404 2405 C
2405 2406 A
2406 2407 T
2407 2408 C
2408 2409 T
2409 2410 C
2410 2411 G
2411 2412 G
2412 2413 G
2413 2414 C
2414 2415 G
2415 2416 A
2416 2417 A
2417 2418 T
2418 2419 A
2419 2420 G
2420 2421 A
2421 2422 A
2422 2423 G
2423 2424 G
2424 2425 A
2425 2426 G
2426 2427 C
2427 2428 C
2428 2429 A
2429 2430 A
2430 2431 A
2431 2432 T
2432 2433 T
2433 2434 T
2434 2435 C
2435 2436 T
2436 2437 G
2437 2438 T
2438 2439 G
2439 2440 A
2440 2441 C
2441 2442 A
2442 2443 A
2443 2444 A
2444 2445 A
2445 2446 T
2446 2447 C
2447 2448 G
2448 2449 T
2449 2450 T
2450 2451 G
2451 2452 C
372 5113 A
5113 5114 A
5114 5115 A
5115 5116 T
5116 5117 G
5117 5118 A
5118 5119 T
5119 5120 C
5120 5121 G
5121 5122 T
5122 5123 T
5123 5124 G
5124 5125 T
5125 5126 C
5126 5127 G
5127 5128 C
5128 5129 C
5129 5130 C
5130 5131 G
5131 5132 T
5132 5133 C
5133 5134 T
5134 5135 G
5135 5136 C
5136 5137 C
5137 5138 T
5138 5139 A
5139 5140 T
5140 5141 C
5141 5142 T
5142 5143 A
5143 5144 A
5144 5145 T
5145 5146 T
5146 5147 C
5147 5148 G
5148 5149 C
5149 5150 A
5150 5151 A
5151 5152 A
5152 5153 T
5153 5154 T
5154 5155 A
5155 5156 C
5156 5157 C
5157 5158 C
5158 5159 T
5159 5160 C
5160 5161 C
5161 5162 C
5162 5163 C
5163 5164 G
5164 5165 T
5165 5166 T
5166 5167 A
5167 5168 C
5168 5169 G
5169 5170 C
5170 5171 A
5171 5172 T
5172 5173 A
5173 5174 T
5174 5175 T
5175 5176 C
5176 5177 T
5177 5178 C
5178 5179 T
5179 5180 C
5180 5181 C
5181 5182 A
5182 5183 T
5183 5184 A
5184 5185 C
5185 5186 C
5186 5187 G
5187 5188 G
5188 5189 T
5189 5190 G
5190 5191 T
5191 5192 C
5192 5193 T
5193 5194 T
5194 5195 A
5195 5196 G
5196 5197 C
5197 5198 G
5198 5199 G
5199 5200 T
5200 5201 T
5201 5202 T
5202 5203 C
5203 5204 T
5204 5205 C
371 2537 T
2537 2538 A
2538 2539 T
2539 2540 A
2540 2541 T
2541 2542 A
2542 2543 G
2543 2544 A
2544 2545 C
2545 2546 T
2546 2547 T
2547 2548 G
2548 2549 C
2549 2550 G
2550 2551 C
2551 2552 C
2552 2553 T
2553 2554 G
2554 2555 G
2555 2556 G
2556 2557 G
2557 2558 T
2558 2559 C
2559 2560 A
2560 2561 A
2561 2562 T
2562 2563 G
2563 2564 A
2564 2565 C
2565 2566 C
2566 2567 T
2567 2568 C
2568 2569 C
2569 2570 T
2570 2571 A
2571 2572 G
2572 2573 G
2573 2574 A
2574 2575 G
2575 2576 G
2576 2577 T
2577 2578 T
2578 2579 A
2579 2580 G
2580 2581 G
2581 2582 A
2582 2583 C
2583 2584 G
2584 2585 C
2585 2586 T
2586 2587 A
2587 2588 G
2588 2589 G
2589 2590 T
2590 2591 G
2591 2592 C
2592 2593 A
2593 2594 G
2594 2595 C
2595 2596 A
2596 2597 A
2597 2598 G
2598 2599 C
2599 2600 A
2600 2601 C
2601 2602 T
2602 2603 T
2603 2604 G
2604 2605 G
2605 2606 A
2606 2607 G
2607 2608 G
2608 2609 T
2609 2610 G
2610 2611 C
2611 2612 A
2612 2613 A
2613 2614 A
2614 2615 G
2615 2616 C
2616 2617 T
2617 2618 C
2618 2619 C
2619 2620 T
2620 2621 G
371 5889 A
5889 5890 T
5890 5891 T
5891 5892 G
5892 5893 G
5893 5894 T
5894 5895 C
5895 5896 C
5896 5897 T
5897 5898 G
5898 5899 T
5899 5900 C
5900 5901 T
5901 5902 A
5902 5903 A
5903 5904 T
5904 5905 T
5905 5906 T
5906 5907 T
5907 5908 T
5908 5909 G
5909 5910 A
5910 5911 G
5911 5912 A
5912 5913 C
5913 5914 G
5914 5915 C
5915 5916 T
5916 5917 C
5917 5918 T
5918 5919 C
5919 5920 C
5920 5921 T
5921 5922 T
5922 5923 T
5923 5924 G
5924 5925 A
5925 5926 A
5926 5927 T
5927 5928 C
5928 5929 G
5929 5930 G
5930 5931 G
5931 5932 G
5932 5933 T
5933 5934 T
5934 5935 G
5935 5936 A
5936 5937 A
5937 5938 T
5938 5939 T
5939 5940 C
5940 5941 G
5941 5942 T
5942 5943 A
5943 5944 A
5944 5945 T
5945 5946 G
5946 5947 A
5947 5948 T
5948 5949 G
5949 5950 T
5950 5951 G
5951 5952 C
5952 5953 G
5953 5954 G
5954 5955 A
5955 5956 A
5956 5957 T
5957 5958 A
5958 5959 A
5959 5960 T
5960 5961 C
5961 5962 T
5962 5963 A
5963 5964 T
5964 5965 T
5965 5966 C
5966 5967 C
5967 5968 C
5968 5969 T
5969 5970 C
5970 5971 G
5971 5972 C
5972 5973 G
5973 5974 C
5974 5975 C
5975 5976 T
5889 6752 C
6752 6753 C
6753 6754 A
6754 6755 C
6755 6756 A
6756 6757 A
6757 6758 C
6758 6759 A
6759 6760 A
6760 6761 G
6761 6762 G
6762 6763 T
6763 6764 C
6764 6765 C
6765 6766 A
6766 6767 A
6767 6768 T
6768 6769 G
6769 6770 A
6770 6771 C
6771 6772 G
6772 6773 C
6773 6774 A
6774 6775 A
6775 6776 A
6776 6777 T
6777 6778 C
6778 6779 A
6779 6780 C
6780 6781 A
6781 6782 G
6782 6783 G
6783 6784 T
6784 6785 C
6785 6786 G
6786 6787 C
6787 6788 C
6788 6789 A
6789 6790 C
6790 6791 G
6791 6792 T
6792 6793 A
6793 6794 A
6794 6795 G
6795 6796 C
6796 6797 G
6797 6798 T
6798 6799 T
6799 6800 C
6800 6801 A
6801 6802 T
6802 6803 G
6803 6804 G
6804 6805 C
6805 6806 C
6806 6807 C
6807 6808 A
6808 6809 T
6809 6810 C
6810 6811 A
6811 6812 T
6812 6813 G
6813 6814 C
6814 6815 T
6815 6816 C
6816 6817 A
6817 6818 C
6818 6819 G
6819 6820 G
6820 6821 A
6821 6822 T
6822 6823 G
6823 6824 C
6824 6825 C
6825 6826 A
6826 6827 T
6827 6828 T
6828 6829 G
6829 6830 T
6830 6831 G
6752 7338 G
7338 7339 G
7339 7340 G
7340 7341 T
7341 7342 T
7342 7343 A
7343 7344 T
7344 7345 G
7345 7346 A
7346 7347 A
7347 7348 T
7348 7349 A
7349 7350 C
7350 7351 A
7351 7352 C
7352 7353 C
7353 7354 T
7354 7355 T
7355 7356 C
7356 7357 G
7357 7358 A
7358 7359 T
7359 7360 G
7360 7361 T
7361 7362 T
7362 7363 T
7363 7364 A
7364 7365 C
7365 7366 G
7366 7367 T
7367 7368 G
7368 7369 G
7369 7370 A
7370 7371 A
7371 7372 T
7372 7373 G
7373 7374 C
7374 7375 G
7375 7376 C
7376 7377 T
7377 7378 G
7378 7379 T
7379 7380 T
7380 7381 G
7381 7382 A
7382 7383 A
7383 7384 A
7384 7385 T
7385 7386 A
7386 7387 C
7387 7388 A
7388 7389 G
7389 7390 T
7390 7391 T
7391 7392 G
7392 7393 A
7393 7394 A
7394 7395 C
7395 7396 A
7396 7397 A
7397 7398 A
7398 7399 T
7399 7400 C
7400 7401 G
7401 7402 A
7402 7403 A
7403 7404 T
7404 7405 T
7405 7406 A
7406 7407 T
7407 7408 T
7408 7409 G
7409 7410 G
7410 7411 A
7411 7412 C
7412 7413 T
7413 7414 G
7414 7415 T
7415 7416 C
275 654 C
654 655 A
655 656 G
656 657 G
657 658 C
658 659 A
659 660 A
660 661 G
661 662 G
662 663 A
663 664 T
664 665 C
665 666 C
666 667 T
667 668 C
668 669 C
669 670 A
670 671 A
671 672 G
672 673 T
673 674 A
674 675 A
675 676 C
676 677 A
677 678 A
678 679 C
679 680 T
680 681 T
681 682 A
682 683 T
683 684 C
684 685 C
685 686 G
686 687 A
687 688 A
688 689 A
689 690 C
690 691 C
691 692 T
692 693 C
693 694 C
694 695 T
695 696 C
696 697 A
697 698 G
698 699 A
699 700 G
700 701 A
701 702 T
702 703 A
703 704 T
704 705 T
705 706 G
706 707 T
707 708 G
708 709 G
709 710 C
710 711 T
711 712 G
712 713 T
713 714 T
714 715 G
715 716 G
716 717 G
717 718 A
718 719 T
719 720 A
720 721 C
721 722 G
722 723 C
723 724 C
724 725 A
725 726 A
726 727 G
727 728 C
728 729 A
729 730 C
730 731 A
731 732 G
732 733 A
733 734 A
734 735 A
735 736 T
736 737 G
737 738 A
738 739 C
739 740 C
740 741 T
655 827 T
827 828 A
828 829 C
829 830 T
830 831 G
831 832 C
832 833 C
833 834 C
834 835 G
835 836 G
836 837 T
837 838 A
838 839 A
839 840 C
840 841 A
841 842 C
842 843 G
843 844 C
844 845 G
845 846 A
846 847 G
847 848 G
848 849 C
849 850 C
850 851 T
851 852 C
852 853 T
853 854 A
854 855 C
855 856 C
856 857 A
857 858 A
858 859 G
859 860 T
860 861 T
861 862 A
862 863 C
863 864 T
864 865 A
865 866 C
866 867 G
867 868 C
868 869 C
869 870 G
870 871 T
871 872 T
872 873 A
873 874 G
874 875 C
875 876 G
876 877 A
877 878 C
878 879 A
879 880 G
880 881 T
881 882 T
882 883 A
883 884 T
884 885 T
885 886 C
886 887 C
887 888 T
888 889 C
889 890 C
890 891 C
891 892 T
892 893 G
893 894 A
894 895 A
895 896 G
896 897 T
897 898 T
898 899 T
899 900 G
900 901 G
901 902 T
902 903 C
903 904 G
904 905 C
905 906 C
906 907 A
907 908 A
908 909 A
655 4233 C
4233 4234 T
4234 4235 T
4235 4236 T
4236 4237 T
4237 4238 G
4238 4239 C
4239 4240 G
4240 4241 G
4241 4242 A
4242 4243 C
4243 4244 T
4244 4245 A
4245 4246 G
4246 4247 A
4247 4248 T
4248 4249 G
4249 4250 C
4250 4251 T
4251 4252 C
4252 4253 C
4253 4254 T
4254 4255 C
4255 4256 G
4256 4257 T
4257 4258 T
4258 4259 G
4259 4260 G
4260 4261 A
4261 4262 G
4262 4263 A
4263 4264 A
4264 4265 C
4265 4266 G
4266 4267 T
4267 4268 G
4268 4269 T
4269 4270 G
4270 4271 G
4271 4272 G
4272 4273 G
4273 4274 G
4274 4275 T
4275 4276 A
4276 4277 T
4277 4278 G
4278 4279 T
4279 4280 C
4280 4281 G
4281 4282 G
4282 4283 T
4283 4284 A
4284 4285 C
4285 4286 G
4286 4287 G
4287 4288 A
4288 4289 T
4289 4290 G
4290 4291 G
4291 4292 G
4292 4293 G
4293 4294 C
4294 4295 G
4295 4296 C
4296 4297 T
4297 4298 A
4298 4299 A
4299 4300 A
4300 4301 G
4301 4302 A
4302 4303 C
4303 4304 A
4304 4305 T
4305 4306 T
4306 4307 C
4307 4308 G
4308 4309 G
4309 4310 A
4310 4311 G
4311 4312 A
4312 4313 A
4313 4314 T
4314 4315 G
4315 4316 T
4316 4317 T
4317 4318 A
4318 4319 C
4319 4320 T
4320 4321 A
4321 4322 A
4322 4323 A
4323 4324 A
4324 4325 G
4325 4326 C
654 2453 G
2453 2454 C
2454 2455 G
2455 2456 G
2456 2457 A
2457 2458 C
2458 2459 C
2459 2460 C
2460 2461 A
2461 2462 C
2462 2463 G
2463 2464 T
2464 2465 C
2465 2466 T
2466 2467 C
2467 2468 A
2468 2469 G
2469 2470 T
2470 2471 A
2471 2472 G
2472 2473 G
2473 2474 C
2474 2475 T
2475 2476 C
2476 2477 A
2477 2478 C
2478 2479 A
2479 2480 C
2480 2481 G
2481 2482 C
2482 2483 A
2483 2484 G
2484 2485 A
2485 2486 T
2486 2487 C
2487 2488 T
2488 2489 C
2489 2490 T
2490 2491 C
2491 2492 G
2492 2493 A
2493 2494 G
2494 2495 G
2495 2496 T
2496 2497 A
2497 2498 T
2498 2499 G
2499 2500 C
2500 2501 T
2501 2502 A
2502 2503 C
2503 2504 C
2504 2505 C
2505 2506 T
2506 2507 T
2507 2508 A
2508 2509 G
2509 2510 C
2510 2511 C
2511 2512 G
2512 2513 G
2513 2514 T
2514 2515 G
2515 2516 G
2516 2517 C
2517 2518 A
2518 2519 C
2519 2520 T
2520 2521 A
2521 2522 T
2522 2523 G
2523 2524 G
2524 2525 C
2525 2526 C
2526 2527 G
2527 2528 T
2528 2529 G
2529 2530 G
2530 2531 C
2531 2532 A
2532 2533 C
2533 2534 A
2534 2535 C
2535 2536 A
654 6423 C
6423 6424 T
6424 6425 G
6425 6426 A
6426 6427 G
6427 6428 A
6428 6429 G
6429 6430 A
6430 6431 A
6431 6432 C
6432 6433 T
6433 6434 G
6434 6435 G
6435 6436 G
6436 6437 C
6437 6438 G
6438 6439 T
6439 6440 C
6440 6441 G
6441 6442 T
6442 6443 T
6443 6444 G
6444 6445 A
6445 6446 C
6446 6447 C
6447 6448 A
6448 6449 C
6449 6450 C
6450 6451 C
6451 6452 C
6452 6453 C
6453 6454 T
6454 6455 G
6455 6456 A
6456 6457 C
6457 6458 T
6458 6459 C
6459 6460 C
6460 6461 G
6461 6462 C
6462 6463 A
6463 6464 T
6464 6465 T
6465 6466 C
6466 6467 G
6467 6468 G
6468 6469 G
6469 6470 A
6470 6471 T
6471 6472 A
6472 6473 T
6473 6474 T
6474 6475 A
6475 6476 G
6476 6477 G
6477 6478 A
6478 6479 A
6479 6480 G
6480 6481 T
6481 6482 C
6482 6483 T
6483 6484 C
6484 6485 A
6485 6486 C
6486 6487 A
6487 6488 A
6488 6489 C
6489 6490 T
6490 6491 C
6491 6492 T
6492 6493 T
6493 6494 C
6494 6495 G
6495 6496 A
6496 6497 A
6497 6498 T
6498 6499 C
6499 6500 C
6500 6501 C
6501 6502 C
6502 6503 C
6503 6504 T
275 742 T
742 743 A
743 744 T
744 745 T
745 746 G
746 747 C
747 748 G
748 749 T
749 750 G
750 751 T
751 752 T
752 753 A
753 754 C
754 755 T
755 756 C
756 757 G
757 758 A
758 759 G
759 760 C
760 761 C
761 762 C
762 763 A
763 764 T
764 765 G
765 766 G
766 767 C
767 768 C
768 769 G
769 770 C
770 771 A
771 772 C
772 773 T
773 774 C
774 775 G
775 776 A
776 777 C
777 778 T
778 779 C
779 780 T
780 781 C
781 782 T
782 783 C
783 784 C
784 785 C
785 786 G
786 787 T
787 788 A
788 789 C
789 790 T
790 791 C
791 792 A
792 793 A
793 794 C
794 795 C
795 796 C
796 797 T
797 798 G
798 799 T
799 800 A
800 801 A
801 802 T
802 803 A
803 804 A
804 805 G
805 806 T
806 807 T
807 808 T
808 809 T
809 810 T
810 811 T
811 812 T
812 813 C
813 814 C
814 815 G
815 816 C
816 817 A
817 818 G
818 819 T
819 820 C
820 821 G
821 822 C
822 823 A
823 824 T
824 825 C
825 826 T
743 5297 C
5297 5298 A
5298 5299 C
5299 5300 T
5300 5301 G
5301 5302 A
5302 5303 T
5303 5304 C
5304 5305 A
5305 5306 T
5306 5307 T
5307 5308 C
5308 5309 A
5309 5310 C
5310 5311 C
5311 5312 G
5312 5313 A
5313 5314 G
5314 5315 C
5315 5316 C
5316 5317 T
5317 5318 C
5318 5319 C
5319 5320 T
5320 5321 T
5321 5322 G
5322 5323 T
5323 5324 C
5324 5325 A
5325 5326 T
5326 5327 A
5327 5328 C
5328 5329 A
5329 5330 A
5330 5331 G
5331 5332 G
5332 5333 T
5333 5334 T
5334 5335 G
5335 5336 G
5336 5337 G
5337 5338 G
5338 5339 T
5339 5340 C
5340 5341 A
5341 5342 C
5342 5343 T
5343 5344 A
5344 5345 G
5345 5346 A
5346 5347 A
5347 5348 G
5348 5349 A
5349 5350 A
5350 5351 C
5351 5352 A
5352 5353 T
5353 5354 T
5354 5355 T
5355 5356 G
5356 5357 C
5357 5358 T
5358 5359 G
5359 5360 T
5360 5361 G
5361 5362 T
5362 5363 A
5363 5364 T
5364 5365 C
5365 5366 T
5366 5367 C
5367 5368 C
5368 5369 A
5369 5370 T
5370 5371 G
5371 5372 T
5372 5373 T
742 1095 G
1095 1096 C
1096 1097 G
1097 1098 G
1098 1099 C
1099 1100 C
1100 1101 G
1101 1102 C
1102 1103 T
1103 1104 C
1104 1105 T
1105 1106 T
1106 1107 G
1107 1108 A
1108 1109 G
1109 1110 G
1110 1111 T
1111 1112 G
1112 1113 G
1113 1114 C
1114 1115 A
1115 1116 G
1116 1117 T
1117 1118 G
1118 1119 G
1119 1120 A
1120 1121 A
1121 1122 T
1122 1123 T
1123 1124 T
1124 1125 A
1125 1126 G
1126 1127 G
1127 1128 G
1128 1129 C
1129 1130 G
1130 1131 C
1131 1132 A
1132 1133 T
1133 1134 G
1134 1135 G
1135 1136 G
1136 1137 T
1137 1138 G
1138 1139 G
1139 1140 A
1140 1141 C
1141 1142 G
1142 1143 T
1143 1144 C
1144 1145 T
1145 1146 C
1146 1147 G
1147 1148 A
1148 1149 A
1149 1150 T
1150 1151 C
1151 1152 A
1152 1153 T
1153 1154 T
1154 1155 A
1155 1156 G
1156 1157 C
1157 1158 C
1158 1159 T
1159 1160 T
1160 1161 C
1161 1162 G
1162 1163 T
1163 1164 C
1164 1165 T
1165 1166 A
1166 1167 A
1167 1168 C
1168 1169 A
1169 1170 T
1170 1171 G
1171 1172 C
1172 1173 G
1173 1174 T
1174 1175 A
1175 1176 C
1176 1177 A
1177 1178 T
1178 1179 C
1179 1180 C
1180 1181 A
1181 1182 G
1182 1183 C
1183 1184 A
1184 1185 G
1095 4602 A
4602 4603 T
4603 4604 G
4604 4605 T
4605 4606 C
4606 4607 T
4607 4608 G
4608 4609 C
4609 4610 C
4610 4611 G
4611 4612 C
4612 4613 C
4613 4614 C
4614 4615 G
4615 4616 T
4616 4617 G
4617 4618 G
4618 4619 C
4619 4620 G
4620 4621 C
4621 4622 C
4622 4623 C
4623 4624 C
4624 4625 C
4625 4626 G
4626 4627 G
4627 4628 C
4628 4629 C
4629 4630 T
4630 4631 A
4631 4632 A
4632 4633 C
4633 4634 A
4634 4635 T
4635 4636 T
4636 4637 C
4637 4638 C
4638 4639 G
4639 4640 T
4640 4641 T
4641 4642 C
4642 4643 G
4643 4644 G
4644 4645 A
4645 4646 T
4646 4647 A
4647 4648 A
4648 4649 G
4649 4650 A
4650 4651 A
4651 4652 T
4652 4653 G
4653 4654 C
4654 4655 A
4655 4656 G
4656 4657 A
4657 4658 T
4658 4659 A
4659 4660 G
4660 4661 A
4661 4662 C
4662 4663 C
4663 4664 A
4664 4665 T
4665 4666 C
4666 4667 T
4667 4668 C
4668 4669 A
4669 4670 G
4670 4671 A
4671 4672 G
4672 4673 A
4673 4674 G
4674 4675 G
4675 4676 A
4676 4677 C
4677 4678 C
4678 4679 A
4679 4680 G
742 1282 C
1282 1283 A
1283 1284 C
1284 1285 T
1285 1286 A
1286 1287 A
1287 1288 A
1288 1289 A
1289 1290 G
1290 1291 C
1291 1292 A
1292 1293 T
1293 1294 A
1294 1295 C
1295 1296 T
1296 1297 C
1297 1298 A
1298 1299 C
1299 1300 G
1300 1301 C
1301 1302 A
1302 1303 T
1303 1304 C
1304 1305 A
1305 1306 C
1306 1307 T
1307 1308 A
1308 1309 A
1309 1310 C
1310 1311 A
1311 1312 T
1312 1313 G
1313 1314 A
1314 1315 A
1315 1316 A
1316 1317 G
1317 1318 C
1318 1319 G
1319 1320 T
1320 1321 A
1321 1322 T
1322 1323 C
1323 1324 G
1324 1325 G
1325 1326 T
1326 1327 A
1327 1328 A
1328 1329 T
1329 1330 G
1330 1331 C
1331 1332 A
1332 1333 G
1333 1334 G
1334 1335 T
1335 1336 T
1336 1337 G
1337 1338 A
1338 1339 C
1339 1340 C
1340 1341 A
1341 1342 C
1342 1343 C
1343 1344 A
1344 1345 G
1345 1346 C
1346 1347 C
1347 1348 C
1348 1349 T
1349 1350 G
1350 1351 G
1351 1352 C
1352 1353 A
1353 1354 C
1354 1355 A
1355 1356 T
1356 1357 A
1357 1358 C
1358 1359 C
1359 1360 C
1360 1361 T
1361 1362 T
1362 1363 A
1363 1364 G
1364 1365 G
1365 1366 T
1366 1367 A
1367 1368 C
1368 1369 A
1369 1370 A
1370 1371 G
1371 1372 A
742 4150 T
4150 4151 A
4151 4152 C
4152 4153 T
4153 4154 T
4154 4155 G
4155 4156 A
4156 4157 G
4157 4158 A
4158 4159 A
4159 4160 C
4160 4161 G
4161 4162 T
4162 4163 A
4163 4164 A
4164 4165 A
4165 4166 T
4166 4167 C
4167 4168 C
4168 4169 C
4169 4170 A
4170 4171 C
4171 4172 A
4172 4173 G
4173 4174 A
4174 4175 C
4175 4176 A
4176 4177 C
4177 4178 G
4178 4179 C
4179 4180 T
4180 4181 G
4181 4182 T
4182 4183 T
4183 4184 G
4184 4185 A
4185 4186 G
4186 4187 C
4187 4188 G
4188 4189 A
4189 4190 A
4190 4191 G
4191 4192 T
4192 4193 A
4193 4194 C
4194 4195 A
4195 4196 T
4196 4197 G
4197 4198 C
4198 4199 T
4199 4200 T
4200 4201 T
4201 4202 A
4202 4203 G
4203 4204 T
4204 4205 T
4205 4206 C
4206 4207 T
4207 4208 G
4208 4209 A
4209 4210 T
4210 4211 A
4211 4212 T
4212 4213 T
4213 4214 C
4214 4215 G
4215 4216 A
4216 4217 T
4217 4218 T
4218 4219 G
4219 4220 A
4220 4221 T
4221 4222 A
4222 4223 C
4223 4224 A
4224 4225 A
4225 4226 G
4226 4227 G
4227 4228 G
4228 4229 G
4229 4230 C
4230 4231 G
4231 4232 G
4150 4422 G
4422 4423 A
4423 4424 G
4424 4425 G
4425 4426 C
4426 4427 T
4427 4428 C
4428 4429 A
4429 4430 T
4430 4431 G
4431 4432 A
4432 4433 T
4433 4434 G
4434 4435 T
4435 4436 A
4436 4437 G
4437 4438 A
4438 4439 T
4439 4440 C
4440 4441 C
4441 4442 A
4442 4443 C
4443 4444 G
4444 4445 A
4445 4446 G
4446 4447 A
4447 4448 C
4448 4449 G
4449 4450 A
4450 4451 T
4451 4452 T
4452 4453 A
4453 4454 T
4454 4455 C
4455 4456 G
4456 4457 A
4457 4458 C
4458 4459 T
4459 4460 G
4460 4461 C
4461 4462 A
4462 4463 A
4463 4464 G
4464 4465 T
4465 4466 A
4466 4467 G
4467 4468 G
4468 4469 G
4469 4470 C
4470 4471 C
4471 4472 A
4472 4473 G
4473 4474 G
4474 4475 A
4475 4476 T
4476 4477 G
4477 4478 T
4478 4479 C
4479 4480 T
4480 4481 C
4481 4482 T
4482 4483 T
4483 4484 A
4484 4485 A
4485 4486 C
4486 4487 G
4487 4488 G
4488 4489 T
4489 4490 T
4490 4491 A
4491 4492 G
4492 4493 T
4493 4494 T
4494 4495 A
4495 4496 T
4496 4497 C
4497 4498 G
4498 4499 T
4499 4500 G
4500 4501 A
4501 4502 T
4502 4503 T
4503 4504 C
1 1186 G
1186 1187 C
1187 1188 C
1188 1189 C
1189 1190 G
1190 1191 C
1191 1192 G
1192 1193 G
1193 1194 A
1194 1195 T
1195 1196 C
1196 1197 G
1197 1198 G
1198 1199 A
1199 1200 C
1200 1201 A
1201 1202 T
1202 1203 C
1203 1204 C
1204 1205 C
1205 1206 C
1206 1207 T
1207 1208 T
1208 1209 A
1209 1210 C
1210 1211 G
1211 1212 T
1212 1213 T
1213 1214 A
1214 1215 G
1215 1216 C
1216 1217 T
1217 1218 T
1218 1219 A
1219 1220 T
1220 1221 A
1221 1222 A
1222 1223 A
1223 1224 C
1224 1225 A
1225 1226 A
1226 1227 T
1227 1228 C
1228 1229 C
1229 1230 C
1230 1231 A
1231 1232 G
1232 1233 C
1233 1234 A
1234 1235 T
1235 1236 G
1236 1237 C
1237 1238 G
1238 1239 G
1239 1240 A
1240 1241 G
1241 1242 G
1242 1243 C
1243 1244 G
1244 1245 G
1245 1246 G
1246 1247 A
1247 1248 A
1248 1249 C
1249 1250 C
1250 1251 G
1251 1252 C
1252 1253 T
1253 1254 G
1254 1255 A
1255 1256 C
1256 1257 G
1257 1258 T
1258 1259 G
1259 1260 C
1260 1261 A
1261 1262 C
1262 1263 C
1263 1264 T
1264 1265 T
1265 1266 T
1266 1267 T
1267 1268 T
1268 1269 C
1269 1270 A
1270 1271 C
1271 1272 T
1272 1273 C
1273 1274 A
1274 1275 A
1275 1276 A
1276 1277 G
1277 1278 A
1278 1279 T
1279 1280 A
1280 1281 T
1189 1807 A
1807 1808 T
1808 1809 C
1809 1810 G
1810 1811 G
1811 1812 T
1812 1813 A
1813 1814 C
1814 1815 A
1815 1816 C
1816 1817 C
1817 1818 C
1818 1819 T
1819 1820 A
1820 1821 C
1821 1822 A
1822 1823 A
1823 1824 G
1824 1825 C
1825 1826 T
1826 1827 A
1827 1828 C
1828 1829 A
1829 1830 C
1830 1831 G
1831 1832 T
1832 1833 A
1833 1834 T
1834 1835 T
1835 1836 C
1836 1837 T
1837 1838 A
1838 1839 G
1839 1840 C
1840 1841 C
1841 1842 A
1842 1843 C
1843 1844 G
1844 1845 G
1845 1846 A
1846 1847 C
1847 1848 A
1848 1849 C
1849 1850 A
1850 1851 A
1851 1852 A
1852 1853 T
1853 1854 A
1854 1855 G
1855 1856 A
1856 1857 T
1857 1858 C
1858 1859 A
1859 1860 G
1860 1861 C
1861 1862 G
1862 1863 C
1863 1864 C
1864 1865 T
1865 1866 G
1866 1867 C
1867 1868 A
1868 1869 A
1869 1870 T
1870 1871 A
1871 1872 G
1872 1873 T
1873 1874 T
1874 1875 A
1875 1876 C
1876 1877 A
1877 1878 T
1878 1879 G
1879 1880 T
1880 1881 T
1881 1882 G
1882 1883 G
1883 1884 T
1884 1885 A
1885 1886 G
1886 1887 A
1887 1888 T
1888 1889 A
1889 1890 A
1890 1891 G
1891 1892 G
1892 1893 G
1893 1894 G
1894 1895 C
1895 1896 A
1896 1897 C
1189 7417 C
7417 7418 G
7418 7419 C
7419 7420 T
7420 7421 C
7421 7422 A
7422 7423 A
7423 7424 G
7424 7425 G
7425 7426 C
7426 7427 G
7427 7428 A
7428 7429 A
7429 7430 T
7430 7431 C
7431 7432 A
7432 7433 G
7433 7434 A
7434 7435 G
7435 7436 C
7436 7437 T
7437 7438 A
7438 7439 A
7439 7440 G
7440 7441 A
7441 7442 C
7442 7443 C
7443 7444 G
7444 7445 G
7445 7446 G
7446 7447 C
7447 7448 A
7448 7449 A
7449 7450 G
7450 7451 A
7451 7452 T
7452 7453 A
7453 7454 A
7454 7455 G
7455 7456 A
7456 7457 T
7457 7458 A
7458 7459 G
7459 7460 T
7460 7461 C
7461 7462 T
7462 7463 C
7463 7464 G
7464 7465 G
7465 7466 A
7466 7467 T
7467 7468 G
7468 7469 A
7469 7470 G
7470 7471 C
7471 7472 A
7472 7473 G
7473 7474 A
7474 7475 C
7475 7476 T
7476 7477 A
7477 7478 T
7478 7479 C
7479 7480 C
7480 7481 T
7481 7482 A
7482 7483 A
7483 7484 T
7484 7485 G
7485 7486 T
7486 7487 T
7487 7488 G
7488 7489 T
7489 7490 G
7490 7491 C
7491 7492 A
7492 7493 G
7493 7494 T
7494 7495 T
7495 7496 T
7496 7497 C
7497 7498 C
7498 7499 A
7499 7500 A
7500 7501 A
7501 7502 T
7502 7503 T
7503 7504 G
7504 7505 T
7505 7506 G
7506 7507 T
7507 7508 G
7508 7509 C
7509 7510 T
1187 1720 T
1720 1721 T
1721 1722 T
1722 1723 A
1723 1724 C
1724 1725 G
1725 1726 C
1726 1727 G
1727 1728 G
1728 1729 T
1729 1730 G
1730 1731 G
1731 1732 A
1732 1733 C
1733 1734 A
1734 1735 A
1735 1736 G
1736 1737 C
1737 1738 T
1738 1739 T
1739 1740 A
1740 1741 G
1741 1742 C
1742 1743 C
1743 1744 A
1744 1745 T
1745 1746 C
1746 1747 A
1747 1748 G
1748 1749 T
1749 1750 T
1750 1751 A
1751 1752 A
1752 1753 T
1753 1754 C
1754 1755 G
1755 1756 C
1756 1757 C
1757 1758 T
1758 1759 T
1759 1760 A
1760 1761 C
1761 1762 C
1762 1763 A
1763 1764 G
1764 1765 A
1765 1766 C
1766 1767 G
1767 1768 G
1768 1769 T
1769 1770 G
1770 1771 G
1771 1772 G
1772 1773 G
1773 1774 A
1774 1775 T
1775 1776 A
1776 1777 C
1777 1778 A
1778 1779 T
1779 1780 G
1780 1781 G
1781 1782 T
1782 1783 C
1783 1784 G
1784 1785 G
1785 1786 T
1786 1787 A
1787 1788 A
1788 1789 A
1789 1790 G
1790 1791 T
1791 1792 T
1792 1793 G
1793 1794 G
1794 1795 A
1795 1796 G
1796 1797 G
1797 1798 A
1798 1799 C
1799 1800 A
1800 1801 C
1801 1802 T
1802 1803 C
1803 1804 C
1804 1805 C
1805 1806 A
1721 7001 A
7001 7002 A
7002 7003 T
7003 7004 C
7004 7005 A
7005 7006 G
7006 7007 T
7007 7008 C
7008 7009 T
7009 7010 C
7010 7011 A
7011 7012 G
7012 7013 T
7013 7014 C
7014 7015 T
7015 7016 C
7016 7017 T
7017 7018 T
7018 7019 C
7019 7020 T
7020 7021 T
7021 7022 C
7022 7023 T
7023 7024 G
7024 7025 T
7025 7026 A
7026 7027 G
7027 7028 A
7028 7029 G
7029 7030 A
7030 7031 T
7031 7032 A
7032 7033 A
7033 7034 C
7034 7035 A
7035 7036 G
7036 7037 G
7037 7038 T
7038 7039 C
7039 7040 G
7040 7041 A
7041 7042 G
7042 7043 T
7043 7044 G
7044 7045 T
7045 7046 G
7046 7047 G
7047 7048 T
7048 7049 A
7049 7050 T
7050 7051 C
7051 7052 G
7052 7053 C
7053 7054 G
7054 7055 G
7055 7056 C
7056 7057 A
7057 7058 G
7058 7059 C
7059 7060 G
7060 7061 A
7061 7062 G
7062 7063 A
7063 7064 G
7064 7065 T
7065 7066 G
7066 7067 T
7067 7068 T
7068 7069 T
7069 7070 A
7070 7071 T
7071 7072 A
7072 7073 G
7073 7074 T
7074 7075 A
7075 7076 C
7076 7077 T
7077 7078 T
1720 3441 C
3441 3442 A
3442 3443 T
3443 3444 A
3444 3445 C
3445 3446 A
3446 3447 T
3447 3448 G
3448 3449 C
3449 3450 T
3450 3451 C
3451 3452 G
3452 3453 A
3453 3454 A
3454 3455 A
3455 3456 A
3456 3457 A
3457 3458 T
3458 3459 T
3459 3460 A
3460 3461 T
3461 3462 T
3462 3463 C
3463 3464 G
3464 3465 C
3465 3466 A
3466 3467 C
3467 3468 A
3468 3469 C
3469 3470 T
3470 3471 T
3471 3472 G
3472 3473 G
3473 3474 G
3474 3475 A
3475 3476 A
3476 3477 G
3477 3478 A
3478 3479 A
3479 3480 A
3480 3481 A
3481 3482 T
3482 3483 T
3483 3484 T
3484 3485 G
3485 3486 T
3486 3487 G
3487 3488 G
3488 3489 G
3489 3490 C
3490 3491 T
3491 3492 G
3492 3493 G
3493 3494 A
3494 3495 T
3495 3496 T
3496 3497 G
3497 3498 C
3498 3499 G
3499 3500 G
3500 3501 T
3501 3502 A
3502 3503 C
3503 3504 A
3504 3505 C
3505 3506 A
3506 3507 A
3507 3508 A
3508 3509 G
3509 3510 G
3510 3511 A
3511 3512 A
3512 3513 T
3513 3514 G
3514 3515 G
3515 3516 G
3516 3517 A
1720 4852 G
4852 4853 T
4853 4854 G
4854 4855 T
4855 4856 A
4856 4857 A
4857 4858 C
4858 4859 C
4859 4860 G
4860 4861 A
4861 4862 C
4862 4863 T
4863 4864 G
4864 4865 C
4865 4866 C
4866 4867 C
4867 4868 A
4868 4869 T
4869 4870 T
4870 4871 C
4871 4872 A
4872 4873 T
4873 4874 G
4874 4875 A
4875 4876 T
4876 4877 T
4877 4878 A
4878 4879 G
4879 4880 T
4880 4881 G
4881 4882 C
4882 4883 T
4883 4884 T
4884 4885 G
4885 4886 A
4886 4887 G
4887 4888 G
4888 4889 T
4889 4890 G
4890 4891 G
4891 4892 G
4892 4893 G
4893 4894 C
4894 4895 A
4895 4896 G
4896 4897 G
4897 4898 G
4898 4899 T
4899 4900 A
4900 4901 T
4901 4902 A
4902 4903 G
4903 4904 G
4904 4905 T
4905 4906 C
4906 4907 A
4907 4908 C
4908 4909 A
4909 4910 C
4910 4911 G
4911 4912 C
4912 4913 C
4913 4914 A
4914 4915 A
4915 4916 T
4916 4917 G
4917 4918 T
4918 4919 G
4919 4920 C
4920 4921 T
4921 4922 A
4922 4923 T
4923 4924 A
4924 4925 C
4925 4926 G
4926 4927 T
4927 4928 T
4928 4929 T
4929 4930 A
4930 4931 A
4931 4932 C
4932 4933 A
4933 4934 C
1187 2802 G
2802 2803 T
2803 2804 A
2804 2805 A
2805 2806 T
2806 2807 C
2807 2808 T
2808 2809 A
2809 2810 G
2810 2811 T
2811 2812 G
2812 2813 G
2813 2814 T
2814 2815 C
2815 2816 C
2816 2817 T
2817 2818 G
2818 2819 G
2819 2820 G
2820 2821 C
2821 2822 C
2822 2823 T
2823 2824 G
2824 2825 T
2825 2826 T
2826 2827 C
2827 2828 G
2828 2829 A
2829 2830 T
2830 2831 C
2831 2832 A
2832 2833 T
2833 2834 T
2834 2835 C
2835 2836 T
2836 2837 G
2837 2838 G
2838 2839 A
2839 2840 T
2840 2841 T
2841 2842 T
2842 2843 G
2843 2844 A
2844 2845 T
2845 2846 A
2846 2847 T
2847 2848 T
2848 2849 C
2849 2850 A
2850 2851 C
2851 2852 G
2852 2853 T
2853 2854 C
2854 2855 A
2855 2856 C
2856 2857 T
2857 2858 A
2858 2859 C
2859 2860 C
2860 2861 T
2861 2862 A
2862 2863 T
2863 2864 G
2864 2865 C
2865 2866 C
2866 2867 G
2867 2868 A
2868 2869 T
2869 2870 T
2870 2871 A
2871 2872 C
2872 2873 T
2873 2874 C
2874 2875 G
2875 2876 C
2876 2877 A
2877 2878 C
2878 2879 A
2879 2880 A
2880 2881 G
2881 2882 G
2882 2883 G
2883 2884 A
2884 2885 G
2885 2886 T
2886 2887 C
2887 2888 A
2888 2889 C
2889 2890 A
2890 2891 C
2891 2892 A
2892 2893 T
2893 2894 G
2894 2895 C
2895 2896 T
2896 2897 C
2897 2898 C
2898 2899 A
1187 3601 A
3601 3602 G
3602 3603 A
3603 3604 T
3604 3605 A
3605 3606 T
3606 3607 T
3607 3608 T
3608 3609 C
3609 3610 C
3610 3611 G
3611 3612 T
3612 3613 A
3613 3614 C
3614 3615 A
3615 3616 G
3616 3617 C
3617 3618 T
3618 3619 C
3619 3620 G
3620 3621 T
3621 3622 C
3622 3623 G
3623 3624 C
3624 3625 T
3625 3626 G
3626 3627 A
3627 3628 C
3628 3629 C
3629 3630 T
3630 3631 T
3631 3632 T
3632 3633 G
3633 3634 C
3634 3635 A
3635 3636 G
3636 3637 C
3637 3638 A
3638 3639 C
3639 3640 G
3640 3641 G
3641 3642 A
3642 3643 A
3643 3644 T
3644 3645 G
3645 3646 T
3646 3647 T
3647 3648 C
3648 3649 A
3649 3650 T
3650 3651 G
3651 3652 C
3652 3653 G
3653 3654 T
3654 3655 A
3655 3656 A
3656 3657 G
3657 3658 T
3658 3659 A
3659 3660 A
3660 3661 G
3661 3662 G
3662 3663 A
3663 3664 C
3664 3665 C
3665 3666 T
3666 3667 T
3667 3668 G
3668 3669 A
3669 3670 C
3670 3671 C
3671 3672 C
3672 3673 C
3673 3674 G
3674 3675 T
3675 3676 C
3676 3677 G
3677 3678 A
3678 3679 G
3679 3680 A
3680 3681 C
3681 3682 T
3682 3683 T
3683 3684 A
3684 3685 G
3685 3686 T
3686 3687 C
3687 3688 T
3688 3689 G
3689 3690 A
3690 3691 A
3691 3692 A
3692 3693 G
3693 3694 C
3694 3695 C
3601 5374 A
5374 5375 C
5375 5376 G
5376 5377 C
5377 5378 C
5378 5379 G
5379 5380 A
5380 5381 A
5381 5382 C
5382 5383 G
5383 5384 A
5384 5385 G
5385 5386 G
5386 5387 A
5387 5388 A
5388 5389 G
5389 5390 C
5390 5391 A
5391 5392 T
5392 5393 C
5393 5394 G
5394 5395 T
5395 5396 G
5396 5397 G
5397 5398 G
5398 5399 T
5399 5400 G
5400 5401 T
5401 5402 T
5402 5403 G
5403 5404 G
5404 5405 C
5405 5406 T
5406 5407 T
5407 5408 C
5408 5409 T
5409 5410 T
5410 5411 A
5411 5412 C
5412 5413 G
5413 5414 A
5414 5415 A
5415 5416 G
5416 5417 T
5417 5418 C
5418 5419 C
5419 5420 G
5420 5421 G
5421 5422 G
5422 5423 A
5423 5424 G
5424 5425 G
5425 5426 C
5426 5427 T
5427 5428 C
5428 5429 A
5429 5430 T
5430 5431 A
5431 5432 G
5432 5433 A
5433 5434 G
5434 5435 G
5435 5436 C
5436 5437 C
5437 5438 T
5438 5439 A
5439 5440 C
5440 5441 G
5441 5442 A
5442 5443 C
5443 5444 T
5444 5445 G
5445 5446 T
5446 5447 A
5447 5448 T
5448 5449 T
5449 5450 C
5450 5451 C
5451 5452 G
5452 5453 G
5453 5454 A
5454 5455 C
5455 5456 A
5456 5457 A
5457 5458 T
5458 5459 C
5459 5460 G
5460 5461 T
1186 2900 A
2900 2901 A
2901 2902 A
2902 2903 G
2903 2904 C
2904 2905 G
2905 2906 C
2906 2907 T
2907 2908 G
2908 2909 A
2909 2910 A
2910 2911 G
2911 2912 C
2912 2913 A
2913 2914 T
2914 2915 G
2915 2916 A
2916 2917 C
2917 2918 T
2918 2919 C
2919 2920 T
2920 2921 T
2921 2922 G
2922 2923 G
2923 2924 C
2924 2925 G
2925 2926 C
2926 2927 T
2927 2928 T
2928 2929 G
2929 2930 A
2930 2931 T
2931 2932 C
2932 2933 G
2933 2934 G
2934 2935 A
2935 2936 A
2936 2937 T
2937 2938 C
2938 2939 T
2939 2940 T
2940 2941 G
2941 2942 C
2942 2943 T
2943 2944 A
2944 2945 C
2945 2946 G
2946 2947 T
2947 2948 C
2948 2949 G
2949 2950 G
2950 2951 T
2951 2952 T
2952 2953 C
2953 2954 C
2954 2955 C
2955 2956 G
2956 2957 C
2957 2958 C
2958 2959 C
2959 2960 C
2960 2961 A
2961 2962 A
2962 2963 T
2963 2964 G
2964 2965 A
2965 2966 G
2966 2967 A
2967 2968 A
2968 2969 A
2969 2970 T
2970 2971 T
2971 2972 A
2972 2973 A
2973 2974 G
2974 2975 C
2975 2976 C
2976 2977 C
2977 2978 A
2978 2979 C
2979 2980 C
2980 2981 T
2981 2982 A
2982 2983 C
2983 2984 A
2984 2985 A
2985 2986 A
2986 2987 T
2987 2988 G
2988 2989 C
2989 2990 C
2990 2991 A
2991 2992 T
2901 5803 G
5803 5804 A
5804 5805 T
5805 5806 G
5806 5807 G
5807 5808 A
5808 5809 G
5809 5810 T
5810 5811 C
5811 5812 T
5812 5813 T
5813 5814 A
5814 5815 T
5815 5816 C
5816 5817 G
5817 5818 G
5818 5819 C
5819 5820 A
5820 5821 T
5821 5822 C
5822 5823 T
5823 5824 G
5824 5825 A
5825 5826 T
5826 5827 C
5827 5828 C
5828 5829 G
5829 5830 C
5830 5831 A
5831 5832 G
5832 5833 A
5833 5834 G
5834 5835 T
5835 5836 A
5836 5837 T
5837 5838 C
5838 5839 C
5839 5840 T
5840 5841 A
5841 5842 G
5842 5843 T
5843 5844 G
5844 5845 A
5845 5846 G
5846 5847 G
5847 5848 C
5848 5849 G
5849 5850 A
5850 5851 A
5851 5852 T
5852 5853 C
5853 5854 A
5854 5855 A
5855 5856 T
5856 5857 A
5857 5858 G
5858 5859 G
5859 5860 T
5860 5861 C
5861 5862 T
5862 5863 T
5863 5864 A
5864 5865 G
5865 5866 C
5866 5867 T
5867 5868 G
5868 5869 C
5869 5870 T
5870 5871 C
5871 5872 G
5872 5873 G
5873 5874 A
5874 5875 G
5875 5876 G
5876 5877 G
5877 5878 T
5878 5879 T
5879 5880 C
5880 5881 T
5881 5882 A
5882 5883 C
5883 5884 T
5884 5885 G
5885 5886 A
5886 5887 G
5887 5888 C
2900 3972 T
3972 3973 T
3973 3974 T
3974 3975 G
3975 3976 T
3976 3977 G
3977 3978 G
3978 3979 C
3979 3980 A
3980 3981 G
3981 3982 C
3982 3983 A
3983 3984 G
3984 3985 G
3985 3986 G
3986 3987 T
3987 3988 A
3988 3989 G
3989 3990 A
3990 3991 G
3991 3992 T
3992 3993 T
3993 3994 T
3994 3995 C
3995 3996 T
3996 3997 G
3997 3998 C
3998 3999 C
3999 4000 A
4000 4001 C
4001 4002 T
4002 4003 A
4003 4004 G
4004 4005 A
4005 4006 G
4006 4007 G
4007 4008 T
4008 4009 G
4009 4010 A
4010 4011 C
4011 4012 A
4012 4013 C
4013 4014 C
4014 4015 T
4015 4016 T
4016 4017 A
4017 4018 T
4018 4019 G
4019 4020 T
4020 4021 C
4021 4022 T
4022 4023 G
4023 4024 C
4024 4025 C
4025 4026 C
4026 4027 C
4027 4028 A
4028 4029 T
4029 4030 A
4030 4031 G
4031 4032 T
4032 4033 G
4033 4034 T
4034 4035 A
4035 4036 G
4036 4037 G
4037 4038 G
4038 4039 G
4039 4040 G
4040 4041 A
4041 4042 C
4042 4043 G
4043 4044 A
4044 4045 T
4045 4046 C
4046 4047 C
4047 4048 T
4048 4049 A
4049 4050 G
4050 4051 C
4051 4052 G
4052 4053 T
4053 4054 A
4054 4055 G
4055 4056 C
4056 4057 C
4057 4058 A
4058 4059 C
4059 4060 T
4060 4061 G
4061 4062 T
2900 5206 G
5206 5207 T
5207 5208 T
5208 5209 G
5209 5210 G
5210 5211 A
5211 5212 T
5212 5213 T
5213 5214 C
5214 5215 G
5215 5216 A
5216 5217 T
5217 5218 G
5218 5219 C
5219 5220 C
5220 5221 G
5221 5222 C
5222 5223 A
5223 5224 C
5224 5225 T
5225 5226 G
5226 5227 G
5227 5228 C
5228 5229 A
5229 5230 G
5230 5231 T
5231 5232 A
5232 5233 C
5233 5234 C
5234 5235 C
5235 5236 G
5236 5237 A
5237 5238 T
5238 5239 T
5239 5240 G
5240 5241 A
5241 5242 C
5242 5243 C
5243 5244 G
5244 5245 G
5245 5246 C
5246 5247 C
5247 5248 A
5248 5249 A
5249 5250 G
5250 5251 A
5251 5252 C
5252 5253 G
5253 5254 C
5254 5255 T
5255 5256 G
5256 5257 A
5257 5258 T
5258 5259 G
5259 5260 G
5260 5261 T
5261 5262 A
5262 5263 C
5263 5264 G
5264 5265 A
5265 5266 G
5266 5267 G
5267 5268 A
5268 5269 C
5269 5270 G
5270 5271 A
5271 5272 T
5272 5273 A
5273 5274 C
5274 5275 C
5275 5276 T
5276 5277 C
5277 5278 C
5278 5279 C
5279 5280 T
5280 5281 A
5281 5282 G
5282 5283 T
5283 5284 A
5284 5285 A
5285 5286 T
5286 5287 A
5287 5288 A
5288 5289 T
5289 5290 C
5290 5291 T
5291 5292 C
5292 5293 G
5293 5294 A
5294 5295 G
5295 5296 C
1186 3169 G
3169 3170 C
3170 3171 G
3171 3172 T
3172 3173 G
3173 3174 A
3174 3175 A
3175 3176 G
3176 3177 A
3177 3178 A
3178 3179 A
3179 3180 C
3180 3181 C
3181 3182 T
3182 3183 C
3183 3184 G
3184 3185 T
3185 3186 A
3186 3187 A
3187 3188 A
3188 3189 A
3189 3190 G
3190 3191 A
3191 3192 C
3192 3193 A
3193 3194 C
3194 3195 T
3195 3196 G
3196 3197 T
3197 3198 T
3198 3199 T
3199 3200 T
3200 3201 T
3201 3202 C
3202 3203 A
3203 3204 G
3204 3205 T
3205 3206 C
3206 3207 T
3207 3208 C
3208 3209 A
3209 3210 G
3210 3211 T
3211 3212 A
3212 3213 T
3213 3214 A
3214 3215 C
3215 3216 A
3216 3217 G
3217 3218 C
3218 3219 G
3219 3220 C
3220 3221 A
3221 3222 T
3222 3223 G
3223 3224 G
3224 3225 A
3225 3226 T
3226 3227 G
3227 3228 A
3228 3229 G
3229 3230 G
3230 3231 C
3231 3232 A
3232 3233 C
3233 3234 G
3234 3235 T
3235 3236 C
3236 3237 G
3237 3238 C
3238 3239 G
3239 3240 C
3240 3241 C
3241 3242 C
3242 3243 T
3243 3244 T
3244 3245 C
3245 3246 G
3246 3247 T
3247 3248 T
3248 3249 C
3249 3250 C
3250 3251 C
3251 3252 C
3252 3253 T
3253 3254 C
3254 3255 A
3255 3256 A
3256 3257 G
3257 3258 G
3258 3259 C
3170 7079 A
7079 7080 C
7080 7081 C
7081 7082 A
7082 7083 C
7083 7084 A
7084 7085 A
7085 7086 T
7086 7087 G
7087 7088 C
7088 7089 T
7089 7090 G
7090 7091 G
7091 7092 C
7092 7093 T
7093 7094 A
7094 7095 T
7095 7096 G
7096 7097 G
7097 7098 T
7098 7099 A
7099 7100 T
7100 7101 T
7101 7102 T
7102 7103 T
7103 7104 A
7104 7105 A
7105 7106 A
7106 7107 C
7107 7108 C
7108 7109 G
7109 7110 A
7110 7111 T
7111 7112 T
7112 7113 G
7113 7114 G
7114 7115 A
7115 7116 G
7116 7117 C
7117 7118 A
7118 7119 C
7119 7120 A
7120 7121 G
7121 7122 A
7122 7123 C
7123 7124 C
7124 7125 G
7125 7126 C
7126 7127 G
7127 7128 A
7128 7129 A
7129 7130 C
7130 7131 C
7131 7132 G
7132 7133 T
7133 7134 G
7134 7135 G
7135 7136 A
7136 7137 G
7137 7138 T
7138 7139 A
7139 7140 G
7140 7141 C
7141 7142 A
7142 7143 A
7143 7144 C
7144 7145 A
7145 7146 G
7146 7147 G
7147 7148 G
7148 7149 G
7149 7150 T
7150 7151 T
7151 7152 G
7152 7153 A
7153 7154 C
7154 7155 C
7155 7156 T
7156 7157 G
7157 7158 T
7158 7159 G
7159 7160 G
7160 7161 G
7161 7162 T
7162 7163 G
7163 7164 G
7164 7165 C
7165 7166 T
7166 7167 G
3170 7259 C
7259 7260 A
7260 7261 C
7261 7262 A
7262 7263 C
7263 7264 C
7264 7265 G
7265 7266 A
7266 7267 A
7267 7268 C
7268 7269 G
7269 7270 T
7270 7271 G
7271 7272 A
7272 7273 A
7273 7274 C
7274 7275 C
7275 7276 C
7276 7277 A
7277 7278 A
7278 7279 G
7279 7280 G
7280 7281 A
7281 7282 T
7282 7283 G
7283 7284 G
7284 7285 C
7285 7286 C
7286 7287 G
7287 7288 C
7288 7289 T
7289 7290 G
7290 7291 C
7291 7292 A
7292 7293 T
7293 7294 C
7294 7295 T
7295 7296 A
7296 7297 G
7297 7298 A
7298 7299 C
7299 7300 A
7300 7301 T
7301 7302 G
7302 7303 G
7303 7304 G
7304 7305 C
7305 7306 G
7306 7307 G
7307 7308 C
7308 7309 G
7309 7310 A
7310 7311 C
7311 7312 G
7312 7313 T
7313 7314 G
7314 7315 G
7315 7316 C
7316 7317 C
7317 7318 G
7318 7319 A
7319 7320 C
7320 7321 A
7321 7322 A
7322 7323 T
7323 7324 C
7324 7325 T
7325 7326 G
7326 7327 T
7327 7328 C
7328 7329 C
7329 7330 C
7330 7331 A
7331 7332 G
7332 7333 A
7333 7334 A
7334 7335 T
7335 7336 G
7336 7337 A
3169 6251 A
6251 6252 A
6252 6253 C
6253 6254 G
6254 6255 T
6255 6256 A
6256 6257 A
6257 6258 T
6258 6259 G
6259 6260 A
6260 6261 A
6261 6262 A
6262 6263 G
6263 6264 A
6264 6265 T
6265 6266 A
6266 6267 G
6267 6268 G
6268 6269 G
6269 6270 C
6270 6271 G
6271 6272 G
6272 6273 A
6273 6274 T
6274 6275 T
6275 6276 C
6276 6277 G
6277 6278 T
6278 6279 C
6279 6280 C
6280 6281 A
6281 6282 T
6282 6283 A
6283 6284 A
6284 6285 C
6285 6286 C
6286 6287 G
6287 6288 T
6288 6289 T
6289 6290 C
6290 6291 G
6291 6292 G
6292 6293 T
6293 6294 C
6294 6295 G
6295 6296 T
6296 6297 G
6297 6298 A
6298 6299 A
6299 6300 A
6300 6301 A
6301 6302 T
6302 6303 A
6303 6304 G
6304 6305 A
6305 6306 A
6306 6307 G
6307 6308 A
6308 6309 C
6309 6310 C
6310 6311 T
6311 6312 A
6312 6313 A
6313 6314 C
6314 6315 G
6315 6316 A
6316 6317 G
6317 6318 A
6318 6319 T
6319 6320 C
6320 6321 A
6321 6322 C
6322 6323 T
6323 6324 T
6324 6325 G
6325 6326 G
6326 6327 C
6327 6328 G
6328 6329 G
6329 6330 A
6330 6331 C
6331 6332 T
6332 6333 A
6333 6334 T
6334 6335 A
6251 6580 T
6580 6581 G
6581 6582 C
6582 6583 G
6583 6584 G
6584 6585 T
6585 6586 T
6586 6587 C
6587 6588 T
6588 6589 A
6589 6590 G
6590 6591 T
6591 6592 C
6592 6593 C
6593 6594 G
6594 6595 G
6595 6596 G
6596 6597 T
6597 6598 G
6598 6599 G
6599 6600 A
6600 6601 T
6601 6602 G
6602 6603 G
6603 6604 A
6604 6605 T
6605 6606 C
6606 6607 G
6607 6608 C
6608 6609 A
6609 6610 A
6610 6611 T
6611 6612 A
6612 6613 G
6613 6614 G
6614 6615 G
6615 6616 T
6616 6617 T
6617 6618 C
6618 6619 T
6619 6620 C
6620 6621 G
6621 6622 T
6622 6623 C
6623 6624 T
6624 6625 T
6625 6626 G
6626 6627 A
6627 6628 A
6628 6629 T
6629 6630 T
6630 6631 C
6631 6632 A
6632 6633 A
6633 6634 C
6634 6635 G
6635 6636 C
6636 6637 C
6637 6638 A
6638 6639 A
6639 6640 A
6640 6641 G
6641 6642 T
6642 6643 C
6643 6644 T
6644 6645 A
6645 6646 A
6646 6647 A
6647 6648 G
6648 6649 G
6649 6650 T
6650 6651 C
6651 6652 A
6652 6653 C
6653 6654 C
6654 6655 G
6655 6656 A
6656 6657 C
6657 6658 A
6658 6659 C
6659 6660 C
6660 6661 T
6661 6662 A
6662 6663 A
6663 6664 T
6664 6665 A
6665 6666 T
6666 6667 C
1186 6068 T
6068 6069 T
6069 6070 C
6070 6071 T
6071 6072 T
6072 6073 C
6073 6074 A
6074 6075 T
6075 6076 G
6076 6077 T
6077 6078 C
6078 6079 A
6079 6080 A
6080 6081 T
6081 6082 A
6082 6083 A
6083 6084 T
6084 6085 A
6085 6086 C
6086 6087 C
6087 6088 G
6088 6089 G
6089 6090 C
6090 6091 A
6091 6092 A
6092 6093 C
6093 6094 C
6094 6095 C
6095 6096 T
6096 6097 T
6097 6098 T
6098 6099 C
6099 6100 G
6100 6101 T
6101 6102 C
6102 6103 A
6103 6104 A
6104 6105 A
6105 6106 G
6106 6107 G
6107 6108 C
6108 6109 T
6109 6110 C
6110 6111 G
6111 6112 G
6112 6113 G
6113 6114 A
6114 6115 G
6115 6116 G
6116 6117 C
6117 6118 A
6118 6119 G
6119 6120 T
6120 6121 T
6121 6122 C
6122 6123 A
6123 6124 A
6124 6125 T
6125 6126 A
6126 6127 C
6127 6128 A
6128 6129 C
6129 6130 C
6130 6131 A
6131 6132 T
6132 6133 T
6133 6134 A
6134 6135 C
6135 6136 G
6136 6137 A
6137 6138 T
6138 6139 C
6139 6140 T
6140 6141 A
6141 6142 A
6142 6143 T
6143 6144 G
6144 6145 T
6145 6146 A
6146 6147 T
6147 6148 C
6148 6149 A
6149 6150 G
6150 6151 T
6151 6152 C
6152 6153 T
6153 6154 C
6154 6155 C
6155 6156 T
6070 7168 G
7168 7169 A
7169 7170 A
7170 7171 G
7171 7172 A
7172 7173 A
7173 7174 A
7174 7175 G
7175 7176 C
7176 7177 A
7177 7178 G
7178 7179 T
7179 7180 G
7180 7181 T
7181 7182 A
7182 7183 G
7183 7184 T
7184 7185 T
7185 7186 T
7186 7187 A
7187 7188 G
7188 7189 G
7189 7190 A
7190 7191 C
7191 7192 G
7192 7193 C
7193 7194 G
7194 7195 G
7195 7196 T
7196 7197 C
7197 7198 G
7198 7199 T
7199 7200 T
7200 7201 C
7201 7202 A
7202 7203 G
7203 7204 C
7204 7205 C
7205 7206 T
7206 7207 C
7207 7208 A
7208 7209 G
7209 7210 G
7210 7211 T
7211 7212 C
7212 7213 T
7213 7214 G
7214 7215 G
7215 7216 A
7216 7217 A
7217 7218 T
7218 7219 G
7219 7220 C
7220 7221 C
7221 7222 G
7222 7223 A
7223 7224 G
7224 7225 A
7225 7226 C
7226 7227 G
7227 7228 T
7228 7229 A
7229 7230 C
7230 7231 G
7231 7232 A
7232 7233 A
7233 7234 A
7234 7235 A
7235 7236 C
7236 7237 C
7237 7238 A
7238 7239 G
7239 7240 C
7240 7241 G
7241 7242 G
7242 7243 G
7243 7244 G
7244 7245 G
7245 7246 G
7246 7247 T
7247 7248 A
7248 7249 T
7249 7250 G
7250 7251 A
7251 7252 C
7252 7253 G
7253 7254 A
7254 7255 T
7255 7256 G
7256 7257 T
7257 7258 G